Watching for file changes with StatReloader
Waiting for apps ready_event.
Apps ready_event triggered. Sending autoreload_started signal.
Watching dir D:\working area\RestorentApp\myenv\lib\site-packages\rest_framework\templates with glob **/*.
Watching dir D:\working area\RestorentApp\app\restorent\templates with glob **/*.
Watching dir D:\working area\RestorentApp\app\templates with glob **/*.
Watching dir D:\working area\RestorentApp\app\locale with glob **/*.mo.
Watching dir D:\working area\RestorentApp\myenv\lib\site-packages\daphne\locale with glob **/*.mo.
Watching dir D:\working area\RestorentApp\app\restorent\locale with glob **/*.mo.
Watching dir D:\working area\RestorentApp\myenv\lib\site-packages\rest_framework\locale with glob **/*.mo.
Watching dir D:\working area\RestorentApp\myenv\lib\site-packages\channels\locale with glob **/*.mo.
File D:\working area\RestorentApp\myenv\Lib\site-packages\numpy\_core\arrayprint.py first seen with mtime 1723115005.17448
File C:\Python\Lib\subprocess.py first seen with mtime 1624876618.0
File D:\working area\RestorentApp\myenv\Lib\site-packages\rest_framework\utils\model_meta.py first seen with mtime 1722330459.1026473
File D:\working area\RestorentApp\myenv\Lib\site-packages\cryptography\x509\extensions.py first seen with mtime 1722323388.7243824
File D:\working area\RestorentApp\myenv\Lib\site-packages\pyasn1_modules\rfc2459.py first seen with mtime 1722323372.9614766
File D:\working area\RestorentApp\myenv\Lib\site-packages\django\core\checks\translation.py first seen with mtime 1720601486.8292584
File D:\working area\RestorentApp\app\restorent\models.py first seen with mtime 1724649803.082019
File D:\working area\RestorentApp\myenv\Lib\site-packages\urllib3\util\ssl_match_hostname.py first seen with mtime 1723088599.5423982
File C:\Python\Lib\weakref.py first seen with mtime 1624876620.0
File C:\Python\Lib\random.py first seen with mtime 1624876618.0
File D:\working area\RestorentApp\myenv\Lib\site-packages\django\contrib\staticfiles\apps.py first seen with mtime 1720601486.7979643
File D:\working area\RestorentApp\app\restorent\api_views.py first seen with mtime 1724574567.166922
File D:\working area\RestorentApp\myenv\Lib\site-packages\qrcode\__init__.py first seen with mtime 1722691476.8848798
File D:\working area\RestorentApp\myenv\Lib\site-packages\django\core\management\color.py first seen with mtime 1720601486.8448513
File C:\Python\Lib\threading.py first seen with mtime 1624876620.0
File D:\working area\RestorentApp\myenv\Lib\site-packages\django\utils\timesince.py first seen with mtime 1720601487.0636616
File D:\working area\RestorentApp\myenv\Lib\site-packages\numpy\_core\getlimits.py first seen with mtime 1723115005.1814842
File D:\working area\RestorentApp\myenv\Lib\site-packages\django\urls\__init__.py first seen with mtime 1720601487.0480425
File D:\working area\RestorentApp\myenv\Lib\site-packages\django\db\models\functions\datetime.py first seen with mtime 1720601486.9229636
File D:\working area\RestorentApp\myenv\Lib\site-packages\django\middleware\cache.py first seen with mtime 1720601487.0167196
File D:\working area\RestorentApp\myenv\Lib\site-packages\django\template\loaders\__init__.py first seen with mtime 1720601487.032343
File D:\working area\RestorentApp\myenv\Lib\site-packages\numpy\lib\_type_check_impl.py first seen with mtime 1723115004.9215631
File D:\working area\RestorentApp\myenv\Lib\site-packages\pyasn1\codec\cer\__init__.py first seen with mtime 1722323371.2023056
File D:\working area\RestorentApp\myenv\Lib\site-packages\twisted\protocols\basic.py first seen with mtime 1722323376.4674635
File D:\working area\RestorentApp\myenv\Lib\site-packages\django\contrib\sessions\apps.py first seen with mtime 1720601486.5636258
File D:\working area\RestorentApp\myenv\Lib\site-packages\twisted\logger\_flatten.py first seen with mtime 1722323376.3264556
File D:\working area\RestorentApp\myenv\Lib\site-packages\rest_framework\checks.py first seen with mtime 1722330458.8446417
File D:\working area\RestorentApp\myenv\Lib\site-packages\daphne\management\__init__.py first seen with mtime 1722323392.8167808
File D:\working area\RestorentApp\myenv\Lib\site-packages\django\contrib\messages\constants.py first seen with mtime 1720601486.3604796
File C:\Python\Lib\sre_parse.py first seen with mtime 1624876618.0
File D:\working area\RestorentApp\myenv\Lib\site-packages\django\utils\dateformat.py first seen with mtime 1720601487.0480425
File D:\working area\RestorentApp\myenv\Lib\site-packages\PIL\ExifTags.py first seen with mtime 1720870282.902879
File D:\working area\RestorentApp\myenv\Lib\site-packages\rest_framework\utils\html.py first seen with mtime 1722330459.098707
File D:\working area\RestorentApp\myenv\Lib\site-packages\twisted\web\iweb.py first seen with mtime 1722323376.7624593
File D:\working area\RestorentApp\myenv\Lib\site-packages\psycopg2\_range.py first seen with mtime 1724579880.1414907
File D:\working area\RestorentApp\myenv\Lib\site-packages\urllib3\connection.py first seen with mtime 1723088599.5170858
File D:\working area\RestorentApp\myenv\Lib\site-packages\numpy\_core\records.py first seen with mtime 1723115005.187484
File D:\working area\RestorentApp\myenv\Lib\site-packages\django\core\checks\database.py first seen with mtime 1720601486.8292584
File D:\working area\RestorentApp\myenv\Lib\site-packages\django\core\files\__init__.py first seen with mtime 1720601486.8292584
File D:\working area\RestorentApp\myenv\Lib\site-packages\django\views\generic\list.py first seen with mtime 1720601487.0948515
File D:\working area\RestorentApp\myenv\Lib\site-packages\numpy\_typing\_nbit.py first seen with mtime 1723115005.337919
File D:\working area\RestorentApp\myenv\Lib\site-packages\requests\packages.py first seen with mtime 1723104599.0337477
File D:\working area\RestorentApp\myenv\Lib\site-packages\rest_framework\utils\humanize_datetime.py first seen with mtime 1722330459.1006565
File D:\working area\RestorentApp\myenv\Lib\site-packages\django\db\migrations\__init__.py first seen with mtime 1720601486.90734
File D:\working area\RestorentApp\myenv\Lib\site-packages\numpy\lib\_stride_tricks_impl.py first seen with mtime 1723115004.9185631
File D:\working area\RestorentApp\myenv\Lib\site-packages\numpy\lib\_utils_impl.py first seen with mtime 1723115004.9265633
File D:\working area\RestorentApp\myenv\Lib\site-packages\django\core\management\__init__.py first seen with mtime 1720601486.8448513
File D:\working area\RestorentApp\myenv\Lib\site-packages\idna\idnadata.py first seen with mtime 1722323371.6583085
File C:\Python\Lib\email\_parseaddr.py first seen with mtime 1624876618.0
File D:\working area\RestorentApp\myenv\Lib\site-packages\django\urls\utils.py first seen with mtime 1720601487.0480425
File D:\working area\RestorentApp\myenv\Lib\site-packages\pyasn1\type\constraint.py first seen with mtime 1722323371.2163723
File D:\working area\RestorentApp\myenv\Lib\site-packages\cryptography\hazmat\primitives\ciphers\base.py first seen with mtime 1722323388.6853974
File D:\working area\RestorentApp\myenv\Lib\site-packages\urllib3\poolmanager.py first seen with mtime 1723088599.5243075
File D:\working area\RestorentApp\myenv\Lib\site-packages\twisted\python\threadable.py first seen with mtime 1722323376.5294635
File D:\working area\RestorentApp\myenv\Lib\site-packages\numpy\lib\_arraysetops_impl.py first seen with mtime 1723115004.9005618
File D:\working area\RestorentApp\myenv\Lib\site-packages\pyasn1_modules\__init__.py first seen with mtime 1722323372.9515526
File D:\working area\RestorentApp\myenv\Lib\site-packages\attrs\validators.py first seen with mtime 1722323371.9300535
File D:\working area\RestorentApp\myenv\Lib\site-packages\urllib3\_base_connection.py first seen with mtime 1723088599.5130854
File D:\working area\RestorentApp\myenv\Lib\site-packages\django\core\signals.py first seen with mtime 1720601486.8136942
File C:\Python\Lib\email\contentmanager.py first seen with mtime 1624876618.0
File D:\working area\RestorentApp\myenv\Lib\site-packages\autobahn\websocket\compress_deflate.py first seen with mtime 1722323389.9905825
File D:\working area\RestorentApp\myenv\Lib\site-packages\twisted\internet\address.py first seen with mtime 1722323376.2174706
File D:\working area\RestorentApp\myenv\Lib\site-packages\numpy\_core\overrides.py first seen with mtime 1723115005.18648
File D:\working area\RestorentApp\myenv\Lib\site-packages\autobahn\wamp\websocket.py first seen with mtime 1722323389.905583
File D:\working area\RestorentApp\myenv\Lib\site-packages\django\core\serializers\json.py first seen with mtime 1720601486.860573
File D:\working area\RestorentApp\myenv\Lib\site-packages\django\core\checks\security\__init__.py first seen with mtime 1720601486.8292584
File D:\working area\RestorentApp\myenv\Lib\site-packages\numpy\lib\array_utils.py first seen with mtime 1723115004.8885648
File D:\working area\RestorentApp\myenv\Lib\site-packages\twisted\internet\_producer_helpers.py first seen with mtime 1722323376.2094612
File D:\working area\RestorentApp\myenv\Lib\site-packages\django\core\files\utils.py first seen with mtime 1720601486.8292584
File D:\working area\RestorentApp\myenv\Lib\site-packages\OpenSSL\SSL.py first seen with mtime 1722323389.6924622
File D:\working area\RestorentApp\myenv\Lib\site-packages\autobahn\wamp\request.py first seen with mtime 1722323389.898582
File D:\working area\RestorentApp\myenv\Lib\site-packages\django\contrib\messages\storage\base.py first seen with mtime 1720601486.3604796
File D:\working area\RestorentApp\myenv\Lib\site-packages\rest_framework\schemas\coreapi.py first seen with mtime 1722330458.9776568
File D:\working area\RestorentApp\myenv\Lib\site-packages\numpy\linalg\_linalg.py first seen with mtime 1723115004.9609292
File C:\Python\Lib\unittest\main.py first seen with mtime 1624876620.0
File D:\working area\RestorentApp\myenv\Lib\site-packages\cryptography\hazmat\bindings\__init__.py first seen with mtime 1722323388.6663752
File D:\working area\RestorentApp\myenv\Lib\site-packages\django\forms\models.py first seen with mtime 1720601486.938656
File D:\working area\RestorentApp\myenv\Lib\site-packages\django\db\backends\base\__init__.py first seen with mtime 1720601486.8760896
File D:\working area\RestorentApp\app\restorent\api_urls.py first seen with mtime 1724573601.8767562
File C:\Python\Lib\types.py first seen with mtime 1624876620.0
File D:\working area\RestorentApp\myenv\Lib\site-packages\zope\interface\exceptions.py first seen with mtime 1722323372.1714883
File D:\working area\RestorentApp\myenv\Lib\site-packages\django\db\migrations\utils.py first seen with mtime 1720601486.90734
File D:\working area\RestorentApp\myenv\Lib\site-packages\django\utils\topological_sort.py first seen with mtime 1720601487.0636616
File D:\working area\RestorentApp\myenv\Lib\site-packages\cryptography\hazmat\primitives\__init__.py first seen with mtime 1722323388.7173862
File D:\working area\RestorentApp\myenv\Lib\site-packages\django\test\html.py first seen with mtime 1720601487.032343
File D:\working area\RestorentApp\myenv\Lib\site-packages\rest_framework\serializers.py first seen with mtime 1722330458.8636377
File D:\working area\RestorentApp\myenv\Lib\site-packages\django\db\models\sql\datastructures.py first seen with mtime 1720601486.938656
File D:\working area\RestorentApp\myenv\Lib\site-packages\django\apps\__init__.py first seen with mtime 1720601484.9224072
File D:\working area\RestorentApp\myenv\Lib\site-packages\asgiref\current_thread_executor.py first seen with mtime 1720601484.797334
File D:\working area\RestorentApp\myenv\Lib\site-packages\numpy\lib\_arrayterator_impl.py first seen with mtime 1723115004.9015634
File D:\working area\RestorentApp\myenv\Lib\site-packages\django\db\backends\base\introspection.py first seen with mtime 1720601486.8760896
File D:\working area\RestorentApp\myenv\Lib\site-packages\twisted\python\log.py first seen with mtime 1722323376.5144625
File D:\working area\RestorentApp\myenv\Lib\site-packages\txaio\_util.py first seen with mtime 1722323363.5771847
File D:\working area\RestorentApp\myenv\Lib\site-packages\sqlparse\engine\grouping.py first seen with mtime 1720601484.421743
File D:\working area\RestorentApp\myenv\Lib\site-packages\cryptography\hazmat\primitives\asymmetric\ed448.py first seen with mtime 1722323388.6763833
File D:\working area\RestorentApp\myenv\Lib\site-packages\django\contrib\postgres\lookups.py first seen with mtime 1720601486.3604796
File D:\working area\RestorentApp\myenv\Lib\site-packages\django\contrib\admindocs\views.py first seen with mtime 1720601485.563591
File D:\working area\RestorentApp\myenv\Lib\site-packages\zope\interface\adapter.py first seen with mtime 1722323372.1674972
File D:\working area\RestorentApp\myenv\Lib\site-packages\autobahn\rawsocket\util.py first seen with mtime 1722323389.8512924
File D:\working area\RestorentApp\myenv\Lib\site-packages\django\core\__init__.py first seen with mtime 1720601486.8136942
File C:\Python\Lib\zoneinfo\_common.py first seen with mtime 1624876620.0
File D:\working area\RestorentApp\myenv\Lib\site-packages\numpy\_core\_exceptions.py first seen with mtime 1723115005.1954892
File D:\working area\RestorentApp\myenv\Lib\site-packages\django\db\models\functions\math.py first seen with mtime 1720601486.9229636
File D:\working area\RestorentApp\myenv\Lib\site-packages\attr\exceptions.py first seen with mtime 1722323371.9180741
File D:\working area\RestorentApp\myenv\Lib\site-packages\django\forms\fields.py first seen with mtime 1720601486.938656
File D:\working area\RestorentApp\myenv\Lib\site-packages\zope\interface\ro.py first seen with mtime 1722323372.1754885
File D:\working area\RestorentApp\myenv\Lib\site-packages\django\core\files\temp.py first seen with mtime 1720601486.8292584
File D:\working area\RestorentApp\myenv\Lib\site-packages\django\middleware\common.py first seen with mtime 1720601487.0167196
File D:\working area\RestorentApp\myenv\Lib\site-packages\django\utils\crypto.py first seen with mtime 1720601487.0480425
File D:\working area\RestorentApp\myenv\Lib\site-packages\numpy\__config__.py first seen with mtime 1723115004.7106905
File D:\working area\RestorentApp\myenv\Lib\site-packages\django\templatetags\l10n.py first seen with mtime 1720601487.032343
File D:\working area\RestorentApp\myenv\Lib\site-packages\numpy\_typing\_nested_sequence.py first seen with mtime 1723115005.3389287
File C:\Python\Lib\encodings\idna.py first seen with mtime 1624876618.0
File D:\working area\RestorentApp\myenv\Lib\site-packages\django\views\generic\dates.py first seen with mtime 1720601487.0792167
File C:\Python\Lib\http\__init__.py first seen with mtime 1624876618.0
File C:\Python\Lib\concurrent\futures\_base.py first seen with mtime 1624876618.0
File C:\Python\Lib\json\decoder.py first seen with mtime 1624876618.0
File D:\working area\RestorentApp\myenv\Lib\site-packages\numpy\_core\multiarray.py first seen with mtime 1723115005.1834798
File C:\Python\Lib\json\encoder.py first seen with mtime 1624876618.0
File D:\working area\RestorentApp\myenv\Lib\site-packages\cryptography\hazmat\decrepit\ciphers\algorithms.py first seen with mtime 1722323388.6683726
File C:\Python\Lib\traceback.py first seen with mtime 1624876620.0
File D:\working area\RestorentApp\myenv\Lib\site-packages\PIL\ImageColor.py first seen with mtime 1720870282.9341326
File C:\Python\Lib\codecs.py first seen with mtime 1624876618.0
File D:\working area\RestorentApp\myenv\Lib\site-packages\numpy\lib\stride_tricks.py first seen with mtime 1723115004.897565
File D:\working area\RestorentApp\myenv\Lib\site-packages\twisted\internet\udp.py first seen with mtime 1722323376.2484546
File D:\working area\RestorentApp\myenv\Lib\site-packages\psycopg2\_psycopg.cp39-win_amd64.pyd first seen with mtime 1724579880.140442
File D:\working area\RestorentApp\myenv\Lib\site-packages\rest_framework\schemas\generators.py first seen with mtime 1722330458.9776568
File D:\working area\RestorentApp\myenv\Lib\site-packages\django\db\backends\postgresql\creation.py first seen with mtime 1720601486.8918552
File D:\working area\RestorentApp\myenv\Lib\site-packages\django\db\models\sql\subqueries.py first seen with mtime 1720601486.938656
File D:\working area\RestorentApp\myenv\Lib\site-packages\django\contrib\auth\apps.py first seen with mtime 1720601485.6729689
File D:\working area\RestorentApp\myenv\Lib\site-packages\django\contrib\contenttypes\models.py first seen with mtime 1720601485.8135905
File D:\working area\RestorentApp\myenv\Lib\site-packages\django\contrib\admin\__init__.py first seen with mtime 1720601485.2062635
File D:\working area\RestorentApp\myenv\Lib\site-packages\OpenSSL\_util.py first seen with mtime 1722323389.6945076
File C:\Python\Lib\ctypes\_endian.py first seen with mtime 1624876618.0
File D:\working area\RestorentApp\myenv\Lib\site-packages\django\db\transaction.py first seen with mtime 1720601486.8760896
File D:\working area\RestorentApp\myenv\Lib\site-packages\django\core\checks\urls.py first seen with mtime 1720601486.8292584
File D:\working area\RestorentApp\myenv\Lib\site-packages\django\contrib\admin\sites.py first seen with mtime 1720601485.2198265
File D:\working area\RestorentApp\myenv\Lib\site-packages\django\contrib\admin\decorators.py first seen with mtime 1720601485.2062635
File D:\working area\RestorentApp\myenv\Lib\site-packages\django\db\models\fields\__init__.py first seen with mtime 1720601486.9229636
File D:\working area\RestorentApp\myenv\Lib\site-packages\OpenSSL\version.py first seen with mtime 1722323389.6994607
File D:\working area\RestorentApp\myenv\Lib\site-packages\django\contrib\auth\hashers.py first seen with mtime 1720601485.688593
File C:\Python\Lib\zipfile.py first seen with mtime 1624876620.0
File D:\working area\RestorentApp\myenv\Lib\site-packages\numpy\_core\_add_newdocs_scalars.py first seen with mtime 1723115005.1934795
File D:\working area\RestorentApp\myenv\Lib\site-packages\qrcode\base.py first seen with mtime 1722691476.885872
File D:\working area\RestorentApp\myenv\Lib\site-packages\socks.py first seen with mtime 1723088600.1540456
File D:\working area\RestorentApp\myenv\Lib\site-packages\django\core\checks\messages.py first seen with mtime 1720601486.8292584
File C:\Python\Lib\abc.py first seen with mtime 1624876618.0
File D:\working area\RestorentApp\myenv\Lib\site-packages\django\urls\base.py first seen with mtime 1720601487.0480425
File D:\working area\RestorentApp\myenv\Lib\site-packages\django\template\loaders\base.py first seen with mtime 1720601487.032343
File D:\working area\RestorentApp\myenv\Lib\site-packages\daphne\__init__.py first seen with mtime 1722323392.803777
File D:\working area\RestorentApp\myenv\Lib\site-packages\sqlparse\engine\statement_splitter.py first seen with mtime 1720601484.437387
File C:\Python\Lib\genericpath.py first seen with mtime 1624876618.0
File D:\working area\RestorentApp\myenv\Lib\site-packages\django\contrib\auth\tokens.py first seen with mtime 1720601485.688593
File D:\working area\RestorentApp\myenv\Lib\site-packages\django\contrib\contenttypes\fields.py first seen with mtime 1720601485.8135905
File D:\working area\RestorentApp\myenv\Lib\site-packages\django\db\models\functions\comparison.py first seen with mtime 1720601486.9229636
File C:\Python\Lib\email\base64mime.py first seen with mtime 1624876618.0
File D:\working area\RestorentApp\myenv\Lib\site-packages\urllib3\util\timeout.py first seen with mtime 1723088599.544402
File D:\working area\RestorentApp\myenv\Lib\site-packages\zope\interface\interface.py first seen with mtime 1722323372.1724887
File D:\working area\RestorentApp\myenv\Lib\site-packages\numpy\_typing\_array_like.py first seen with mtime 1723115005.3359196
File D:\working area\RestorentApp\myenv\Lib\site-packages\twisted\plugin.py first seen with mtime 1722323376.049464
File D:\working area\RestorentApp\myenv\Lib\site-packages\numpy\_core\numerictypes.py first seen with mtime 1723115005.1854792
File D:\working area\RestorentApp\myenv\Lib\site-packages\django\contrib\postgres\__init__.py first seen with mtime 1720601486.3604796
File D:\working area\RestorentApp\myenv\Lib\site-packages\qrcode\exceptions.py first seen with mtime 1722691476.8878703
File D:\working area\RestorentApp\myenv\Lib\site-packages\numpy\_expired_attrs_2_0.py first seen with mtime 1723115004.7096872
File D:\working area\RestorentApp\myenv\Lib\site-packages\django\db\models\sql\__init__.py first seen with mtime 1720601486.938656
File D:\working area\RestorentApp\myenv\Lib\site-packages\numpy\lib\_arraypad_impl.py first seen with mtime 1723115004.899563
File D:\working area\RestorentApp\myenv\Lib\site-packages\django\core\files\base.py first seen with mtime 1720601486.8292584
File D:\working area\RestorentApp\myenv\Lib\site-packages\django\utils\version.py first seen with mtime 1720601487.0636616
File D:\working area\RestorentApp\myenv\Lib\site-packages\django\http\response.py first seen with mtime 1720601487.0167196
File D:\working area\RestorentApp\myenv\Lib\site-packages\autobahn\websocket\xormasker.py first seen with mtime 1722323389.9985955
File D:\working area\RestorentApp\myenv\Lib\site-packages\cryptography\hazmat\primitives\constant_time.py first seen with mtime 1722323388.6903775
File C:\Python\Lib\reprlib.py first seen with mtime 1624876618.0
File D:\working area\RestorentApp\myenv\Lib\site-packages\PIL\_typing.py first seen with mtime 1720870283.074787
File D:\working area\RestorentApp\myenv\Lib\site-packages\django\db\models\constraints.py first seen with mtime 1720601486.90734
File D:\working area\RestorentApp\myenv\Lib\site-packages\django\urls\exceptions.py first seen with mtime 1720601487.0480425
File D:\working area\RestorentApp\myenv\Lib\site-packages\service_identity\cryptography.py first seen with mtime 1722323389.6161296
File D:\working area\RestorentApp\myenv\Lib\site-packages\django\db\models\functions\window.py first seen with mtime 1720601486.938656
File D:\working area\RestorentApp\myenv\Lib\site-packages\autobahn\wamp\uri.py first seen with mtime 1722323389.9045846
File D:\working area\RestorentApp\myenv\Lib\site-packages\django\core\management\base.py first seen with mtime 1720601486.8448513
File D:\working area\RestorentApp\myenv\Lib\site-packages\django\contrib\admin\widgets.py first seen with mtime 1720601485.2198265
File D:\working area\RestorentApp\myenv\Lib\site-packages\django\db\backends\signals.py first seen with mtime 1720601486.8760896
File D:\working area\RestorentApp\myenv\Lib\site-packages\rest_framework\utils\encoders.py first seen with mtime 1722330459.0966501
File C:\Python\Lib\email\feedparser.py first seen with mtime 1624876618.0
File D:\working area\RestorentApp\myenv\Lib\site-packages\daphne\utils.py first seen with mtime 1722323392.8147824
File C:\Python\Lib\dataclasses.py first seen with mtime 1624876618.0
File D:\working area\RestorentApp\myenv\Lib\site-packages\channels\layers.py first seen with mtime 1722323308.920833
File D:\working area\RestorentApp\myenv\Lib\site-packages\django\template\backends\base.py first seen with mtime 1720601487.032343
File C:\Python\Lib\email\iterators.py first seen with mtime 1624876618.0
File D:\working area\RestorentApp\myenv\Lib\site-packages\txaio\__init__.py first seen with mtime 1722323363.5741715
File D:\working area\RestorentApp\myenv\Lib\site-packages\pyasn1\compat\octets.py first seen with mtime 1722323371.2123256
File D:\working area\RestorentApp\myenv\Lib\site-packages\django\contrib\messages\apps.py first seen with mtime 1720601486.3604796
File D:\working area\RestorentApp\myenv\Lib\site-packages\numpy\_typing\_add_docstring.py first seen with mtime 1723115005.3349216
File D:\working area\RestorentApp\myenv\Lib\site-packages\django\core\checks\files.py first seen with mtime 1720601486.8292584
File C:\Python\Lib\encodings\aliases.py first seen with mtime 1624876618.0
File C:\Python\Lib\functools.py first seen with mtime 1624876618.0
File D:\working area\RestorentApp\myenv\Lib\site-packages\django\contrib\postgres\utils.py first seen with mtime 1720601486.3604796
File D:\working area\RestorentApp\myenv\Lib\site-packages\django\core\checks\security\base.py first seen with mtime 1720601486.8292584
File D:\working area\RestorentApp\myenv\Lib\site-packages\django\templatetags\cache.py first seen with mtime 1720601487.032343
File D:\working area\RestorentApp\myenv\Lib\site-packages\django\templatetags\__init__.py first seen with mtime 1720601487.032343
File D:\working area\RestorentApp\myenv\Lib\site-packages\attrs\filters.py first seen with mtime 1722323371.92706
File D:\working area\RestorentApp\myenv\Lib\site-packages\cryptography\hazmat\primitives\asymmetric\dsa.py first seen with mtime 1722323388.673411
File D:\working area\RestorentApp\myenv\Lib\site-packages\txaio\interfaces.py first seen with mtime 1722323363.580194
File D:\working area\RestorentApp\myenv\Lib\site-packages\django\db\migrations\exceptions.py first seen with mtime 1720601486.90734
File D:\working area\RestorentApp\myenv\Lib\site-packages\sqlparse\filters\aligned_indent.py first seen with mtime 1720601484.437387
File D:\working area\RestorentApp\myenv\Lib\site-packages\PIL\__init__.py first seen with mtime 1720870283.0279474
File C:\Python\Lib\unittest\runner.py first seen with mtime 1624876620.0
File C:\Python\Lib\xml\dom\NodeFilter.py first seen with mtime 1624876620.0
File D:\working area\RestorentApp\myenv\Lib\site-packages\django\core\files\uploadhandler.py first seen with mtime 1720601486.8292584
File D:\working area\RestorentApp\myenv\Lib\site-packages\django\template\__init__.py first seen with mtime 1720601487.0167196
File D:\working area\RestorentApp\myenv\Lib\site-packages\attr\validators.py first seen with mtime 1722323371.9230657
File D:\working area\RestorentApp\myenv\Lib\site-packages\django\db\backends\base\base.py first seen with mtime 1720601486.8760896
File D:\working area\RestorentApp\myenv\Lib\site-packages\PIL\_binary.py first seen with mtime 1720870283.0279474
File D:\working area\RestorentApp\myenv\Lib\site-packages\channels\apps.py first seen with mtime 1722323308.9148202
File D:\working area\RestorentApp\myenv\Lib\site-packages\django\db\backends\__init__.py first seen with mtime 1720601486.8760896
File D:\working area\RestorentApp\myenv\Lib\site-packages\numpy\linalg\_umath_linalg.cp39-win_amd64.pyd first seen with mtime 1723115004.9639313
File D:\working area\RestorentApp\myenv\Lib\site-packages\twisted\python\deprecate.py first seen with mtime 1722323376.5065215
File D:\working area\RestorentApp\myenv\Lib\site-packages\twisted\python\_tzhelper.py first seen with mtime 1722323376.5015128
File D:\working area\RestorentApp\myenv\Lib\site-packages\django\db\utils.py first seen with mtime 1720601486.8760896
File D:\working area\RestorentApp\myenv\Lib\site-packages\django\core\cache\backends\__init__.py first seen with mtime 1720601486.8136942
File D:\working area\RestorentApp\myenv\Lib\site-packages\django\contrib\auth\password_validation.py first seen with mtime 1720601485.688593
File D:\working area\RestorentApp\myenv\Lib\site-packages\rest_framework\utils\breadcrumbs.py first seen with mtime 1722330459.0956452
File C:\Python\Lib\concurrent\__init__.py first seen with mtime 1624876618.0
File D:\working area\RestorentApp\myenv\Lib\site-packages\rest_framework\permissions.py first seen with mtime 1722330458.8566468
File C:\Python\DLLs\_ssl.pyd first seen with mtime 1624876722.0
File D:\working area\RestorentApp\myenv\Lib\site-packages\numpy\_core\_dtype.py first seen with mtime 1723115005.1944847
File D:\working area\RestorentApp\myenv\Lib\site-packages\twisted\internet\tcp.py first seen with mtime 1722323376.2454545
File D:\working area\RestorentApp\myenv\Lib\site-packages\txaio\_unframework.py first seen with mtime 1722323363.5761745
File D:\working area\RestorentApp\myenv\Lib\site-packages\asgiref\local.py first seen with mtime 1720601484.797334
File D:\working area\RestorentApp\myenv\Lib\site-packages\rest_framework\parsers.py first seen with mtime 1722330458.8556433
File D:\working area\RestorentApp\myenv\Lib\site-packages\cryptography\hazmat\primitives\kdf\__init__.py first seen with mtime 1722323388.6993802
File D:\working area\RestorentApp\myenv\Lib\site-packages\django\core\management\commands\__init__.py first seen with mtime 1720601486.8448513
File D:\working area\RestorentApp\myenv\Lib\site-packages\cryptography\__init__.py first seen with mtime 1722323388.7323759
File D:\working area\RestorentApp\myenv\Lib\site-packages\twisted\internet\protocol.py first seen with mtime 1722323376.2394547
File D:\working area\RestorentApp\myenv\Lib\site-packages\numpy\_core\einsumfunc.py first seen with mtime 1723115005.1774797
File D:\working area\RestorentApp\myenv\Lib\site-packages\txaio\tx.py first seen with mtime 1722323363.5821757
File D:\working area\RestorentApp\myenv\Lib\site-packages\cryptography\hazmat\primitives\ciphers\modes.py first seen with mtime 1722323388.6873822
File D:\working area\RestorentApp\myenv\Lib\site-packages\django\contrib\messages\__init__.py first seen with mtime 1720601486.3604796
File C:\Python\Lib\warnings.py first seen with mtime 1624876620.0
File C:\Python\Lib\email\mime\message.py first seen with mtime 1624876618.0
File D:\working area\RestorentApp\myenv\Lib\site-packages\django\db\migrations\state.py first seen with mtime 1720601486.90734
File D:\working area\RestorentApp\myenv\Lib\site-packages\zope\interface\declarations.py first seen with mtime 1722323372.1694934
File D:\working area\RestorentApp\myenv\Lib\site-packages\django\template\utils.py first seen with mtime 1720601487.032343
File C:\Python\Lib\logging\handlers.py first seen with mtime 1624876618.0
File D:\working area\RestorentApp\myenv\Lib\site-packages\django\utils\log.py first seen with mtime 1720601487.0636616
File D:\working area\RestorentApp\myenv\Lib\site-packages\django\db\backends\utils.py first seen with mtime 1720601486.8760896
File C:\Python\Lib\copy.py first seen with mtime 1624876618.0
File D:\working area\RestorentApp\myenv\Lib\site-packages\twisted\logger\_buffer.py first seen with mtime 1722323376.324458
File D:\working area\RestorentApp\myenv\Lib\site-packages\cryptography\hazmat\_oid.py first seen with mtime 1722323388.7183726
File D:\working area\RestorentApp\myenv\Lib\site-packages\django\forms\forms.py first seen with mtime 1720601486.938656
File D:\working area\RestorentApp\myenv\Lib\site-packages\django\db\models\fields\related.py first seen with mtime 1720601486.9229636
File D:\working area\RestorentApp\myenv\Lib\site-packages\django\core\exceptions.py first seen with mtime 1720601486.8136942
File D:\working area\RestorentApp\myenv\Lib\site-packages\rest_framework\utils\__init__.py first seen with mtime 1722330459.094745
File C:\Python\Lib\html\parser.py first seen with mtime 1624876618.0
File D:\working area\RestorentApp\myenv\Lib\site-packages\django\utils\__init__.py first seen with mtime 1720601487.0480425
File C:\Python\Lib\xml\dom\minidom.py first seen with mtime 1624876620.0
File D:\working area\RestorentApp\myenv\Lib\site-packages\django\db\backends\postgresql\psycopg_any.py first seen with mtime 1720601486.8918552
File D:\working area\RestorentApp\myenv\Lib\site-packages\cryptography\hazmat\primitives\asymmetric\dh.py first seen with mtime 1722323388.6724029
File D:\working area\RestorentApp\myenv\Lib\site-packages\constantly\_version.py first seen with mtime 1722323371.8137784
File D:\working area\RestorentApp\myenv\Lib\site-packages\django\template\defaulttags.py first seen with mtime 1720601487.0167196
File D:\working area\RestorentApp\myenv\Lib\site-packages\django\utils\decorators.py first seen with mtime 1720601487.0480425
File D:\working area\RestorentApp\myenv\Lib\site-packages\numpy\_core\_string_helpers.py first seen with mtime 1723115005.241481
File D:\working area\RestorentApp\myenv\Lib\site-packages\twisted\python\modules.py first seen with mtime 1722323376.5164626
File C:\Python\Lib\asyncio\streams.py first seen with mtime 1624876618.0
File C:\Python\Lib\gzip.py first seen with mtime 1624876618.0
File D:\working area\RestorentApp\myenv\Lib\site-packages\numpy\_typing\_dtype_like.py first seen with mtime 1723115005.3369243
File D:\working area\RestorentApp\myenv\Lib\site-packages\twisted\logger\_observer.py first seen with mtime 1722323376.3354712
File D:\working area\RestorentApp\myenv\Lib\site-packages\numpy\lib\_shape_base_impl.py first seen with mtime 1723115004.9155655
File C:\Python\Lib\operator.py first seen with mtime 1624876618.0
File D:\working area\RestorentApp\myenv\Lib\site-packages\django\contrib\admin\views\__init__.py first seen with mtime 1720601485.547972
File C:\Python\Lib\email\mime\text.py first seen with mtime 1624876618.0
File D:\working area\RestorentApp\myenv\Lib\site-packages\autobahn\websocket\__init__.py first seen with mtime 1722323389.9865882
File D:\working area\RestorentApp\myenv\Lib\site-packages\autobahn\twisted\wamp.py first seen with mtime 1722323389.8672967
File C:\Python\Lib\xml\dom\xmlbuilder.py first seen with mtime 1624876620.0
File D:\working area\RestorentApp\myenv\Lib\site-packages\django\utils\module_loading.py first seen with mtime 1720601487.0636616
File D:\working area\RestorentApp\myenv\Lib\site-packages\django\contrib\admin\views\decorators.py first seen with mtime 1720601485.547972
File D:\working area\RestorentApp\app\restorent\form.py first seen with mtime 1724649333.1378758
File D:\working area\RestorentApp\myenv\Lib\site-packages\autobahn\twisted\util.py first seen with mtime 1722323389.8662715
File D:\working area\RestorentApp\myenv\Lib\site-packages\autobahn\__init__.py first seen with mtime 1722323389.8212645
File D:\working area\RestorentApp\myenv\Lib\site-packages\cryptography\utils.py first seen with mtime 1722323388.7213955
File C:\Python\Lib\ssl.py first seen with mtime 1624876618.0
File C:\Python\Lib\_compat_pickle.py first seen with mtime 1624876618.0
File D:\working area\RestorentApp\myenv\Lib\site-packages\qrcode\image\styles\moduledrawers\base.py first seen with mtime 1722691476.904885
File D:\working area\RestorentApp\myenv\Lib\site-packages\rest_framework\mixins.py first seen with mtime 1722330458.8536553
File C:\Python\Lib\secrets.py first seen with mtime 1624876618.0
File C:\Python\Lib\asyncio\format_helpers.py first seen with mtime 1624876618.0
File D:\working area\RestorentApp\myenv\Lib\site-packages\django\dispatch\dispatcher.py first seen with mtime 1720601486.938656
File D:\working area\RestorentApp\myenv\Lib\site-packages\cryptography\hazmat\primitives\serialization\__init__.py first seen with mtime 1722323388.7093923
File D:\working area\RestorentApp\myenv\Lib\site-packages\numpy\_distributor_init.py first seen with mtime 1723115004.7086906
File C:\Python\Lib\selectors.py first seen with mtime 1624876618.0
File D:\working area\RestorentApp\myenv\Lib\site-packages\autobahn\websocket\types.py first seen with mtime 1722323389.995586
File C:\Python\Lib\email\errors.py first seen with mtime 1624876618.0
File D:\working area\RestorentApp\myenv\Lib\site-packages\numpy\linalg\linalg.py first seen with mtime 1723115004.9599373
File D:\working area\RestorentApp\myenv\Lib\site-packages\django\template\loaders\filesystem.py first seen with mtime 1720601487.032343
File D:\working area\RestorentApp\myenv\Lib\site-packages\autobahn\websocket\interfaces.py first seen with mtime 1722323389.992584
File D:\working area\RestorentApp\myenv\Lib\site-packages\cryptography\hazmat\primitives\kdf\pbkdf2.py first seen with mtime 1722323388.6963756
File D:\working area\RestorentApp\myenv\Lib\site-packages\django\contrib\admin\exceptions.py first seen with mtime 1720601485.2062635
File D:\working area\RestorentApp\myenv\Lib\site-packages\django\utils\itercompat.py first seen with mtime 1720601487.0636616
File C:\Python\Lib\asyncio\windows_events.py first seen with mtime 1624876618.0
File D:\working area\RestorentApp\myenv\Lib\site-packages\urllib3\util\util.py first seen with mtime 1723088599.545406
File C:\Python\Lib\hashlib.py first seen with mtime 1624876618.0
File D:\working area\RestorentApp\myenv\Lib\site-packages\django\contrib\admindocs\__init__.py first seen with mtime 1720601485.547972
File C:\Python\Lib\posixpath.py first seen with mtime 1624876618.0
File D:\working area\RestorentApp\app\restorent\generatoer.py first seen with mtime 1722828080.4783635
File C:\Python\DLLs\_queue.pyd first seen with mtime 1624876722.0
File D:\working area\RestorentApp\myenv\Lib\site-packages\numpy\_utils\_convertions.py first seen with mtime 1723115005.3419416
File D:\working area\RestorentApp\myenv\Lib\site-packages\django\db\models\query.py first seen with mtime 1720601486.9229636
File D:\working area\RestorentApp\myenv\Lib\site-packages\autobahn\twisted\choosereactor.py first seen with mtime 1722323389.8602688
File D:\working area\RestorentApp\myenv\Lib\site-packages\cryptography\hazmat\bindings\_rust.pyd first seen with mtime 1722323388.7884772
File D:\working area\RestorentApp\myenv\Lib\site-packages\django\contrib\contenttypes\forms.py first seen with mtime 1720601485.8135905
File D:\working area\RestorentApp\myenv\Lib\site-packages\numpy\lib\_index_tricks_impl.py first seen with mtime 1723115004.9075632
File D:\working area\RestorentApp\myenv\Lib\site-packages\django\utils\translation\reloader.py first seen with mtime 1720601487.0792167
File D:\working area\RestorentApp\myenv\Lib\site-packages\twisted\logger\_levels.py first seen with mtime 1722323376.3324697
File C:\Python\Lib\html\__init__.py first seen with mtime 1624876618.0
File C:\Python\Lib\ntpath.py first seen with mtime 1624876618.0
File D:\working area\RestorentApp\myenv\Lib\site-packages\django\utils\ipv6.py first seen with mtime 1720601487.0636616
File D:\working area\RestorentApp\myenv\Lib\site-packages\django\contrib\postgres\forms\ranges.py first seen with mtime 1720601486.3761072
File D:\working area\RestorentApp\myenv\Lib\site-packages\twisted\python\zippath.py first seen with mtime 1722323376.5384593
File D:\working area\RestorentApp\app\manage.py first seen with mtime 1721098431.4311898
File C:\Python\Lib\logging\config.py first seen with mtime 1624876618.0
File D:\working area\RestorentApp\myenv\Lib\site-packages\pyasn1\codec\streaming.py first seen with mtime 1722323371.197318
File D:\working area\RestorentApp\myenv\Lib\site-packages\django\utils\inspect.py first seen with mtime 1720601487.0636616
File D:\working area\RestorentApp\myenv\Lib\site-packages\colorama\ansi.py first seen with mtime 1722691476.565874
File D:\working area\RestorentApp\myenv\Lib\site-packages\requests\api.py first seen with mtime 1723104599.0277555
File D:\working area\RestorentApp\myenv\Lib\site-packages\django\utils\deconstruct.py first seen with mtime 1720601487.0480425
File C:\Python\Lib\xml\dom\__init__.py first seen with mtime 1624876620.0
File D:\working area\RestorentApp\myenv\Lib\site-packages\django\core\files\images.py first seen with mtime 1720601486.8292584
File C:\Python\Lib\textwrap.py first seen with mtime 1624876620.0
File D:\working area\RestorentApp\myenv\Lib\site-packages\_cffi_backend.cp39-win_amd64.pyd first seen with mtime 1722323375.4768329
File C:\Python\Lib\socket.py first seen with mtime 1624876618.0
File C:\Python\Lib\importlib\resources.py first seen with mtime 1624876618.0
File D:\working area\RestorentApp\myenv\Lib\site-packages\django\test\testcases.py first seen with mtime 1720601487.0480425
File D:\working area\RestorentApp\myenv\Lib\site-packages\pyasn1\type\namedtype.py first seen with mtime 1722323371.218309
File D:\working area\RestorentApp\myenv\Lib\site-packages\rest_framework\templatetags\rest_framework.py first seen with mtime 1722330459.093638
File D:\working area\RestorentApp\myenv\Lib\site-packages\django\utils\numberformat.py first seen with mtime 1720601487.0636616
File C:\Python\Lib\xml\__init__.py first seen with mtime 1624876620.0
File D:\working area\RestorentApp\myenv\Lib\site-packages\django\core\files\uploadedfile.py first seen with mtime 1720601486.8292584
File D:\working area\RestorentApp\myenv\Lib\site-packages\numpy\matrixlib\defmatrix.py first seen with mtime 1723115004.989126
File D:\working area\RestorentApp\myenv\Lib\site-packages\rest_framework\utils\representation.py first seen with mtime 1722330459.1036386
File D:\working area\RestorentApp\myenv\Lib\site-packages\psycopg2\extensions.py first seen with mtime 1724579880.1453395
File D:\working area\RestorentApp\myenv\Lib\site-packages\numpy\_core\numeric.py first seen with mtime 1723115005.1844878
File C:\Python\Lib\wsgiref\util.py first seen with mtime 1624876620.0
File D:\working area\RestorentApp\myenv\Lib\site-packages\sqlparse\keywords.py first seen with mtime 1720601484.421743
File C:\Python\Lib\fnmatch.py first seen with mtime 1624876618.0
File D:\working area\RestorentApp\app\restorent\views.py first seen with mtime 1724929331.896175
File D:\working area\RestorentApp\app\app\error_handler.py first seen with mtime 1723964764.0303998
File D:\working area\RestorentApp\myenv\Lib\site-packages\cryptography\x509\certificate_transparency.py first seen with mtime 1722323388.723375
File D:\working area\RestorentApp\myenv\Lib\site-packages\service_identity\hazmat.py first seen with mtime 1722323389.6181247
File D:\working area\RestorentApp\myenv\Lib\site-packages\django\template\base.py first seen with mtime 1720601487.0167196
File C:\Python\Lib\wsgiref\headers.py first seen with mtime 1624876620.0
File D:\working area\RestorentApp\myenv\Lib\site-packages\django\db\backends\postgresql\operations.py first seen with mtime 1720601486.8918552
File C:\Python\Lib\asyncio\staggered.py first seen with mtime 1624876618.0
File D:\working area\RestorentApp\myenv\Lib\site-packages\daphne\ws_protocol.py first seen with mtime 1722323392.8157854
File D:\working area\RestorentApp\myenv\Lib\site-packages\django\conf\__init__.py first seen with mtime 1720601484.9224072
File D:\working area\RestorentApp\myenv\Lib\site-packages\numpy\_typing\_char_codes.py first seen with mtime 1723115005.3369243
File C:\Python\Lib\xml\dom\domreg.py first seen with mtime 1624876620.0
File D:\working area\RestorentApp\app\restorent\migrations\0026_order_transaction_id.py first seen with mtime 1722693249.0653884
File D:\working area\RestorentApp\myenv\Lib\site-packages\pyasn1\codec\ber\__init__.py first seen with mtime 1722323371.197318
File C:\Python\Lib\io.py first seen with mtime 1624876618.0
File D:\working area\RestorentApp\myenv\Lib\site-packages\django\db\migrations\executor.py first seen with mtime 1720601486.90734
File C:\Python\Lib\struct.py first seen with mtime 1624876618.0
File D:\working area\RestorentApp\myenv\Lib\site-packages\django\core\files\storage\mixins.py first seen with mtime 1720601486.8448513
File C:\Python\Lib\email\encoders.py first seen with mtime 1624876618.0
File C:\Python\DLLs\_asyncio.pyd first seen with mtime 1624876722.0
File C:\Python\Lib\unittest\util.py first seen with mtime 1624876620.0
File D:\working area\RestorentApp\myenv\Lib\site-packages\numpy\lib\_function_base_impl.py first seen with mtime 1723115004.9045646
File D:\working area\RestorentApp\myenv\Lib\site-packages\attr\_config.py first seen with mtime 1722323371.9090805
File D:\working area\RestorentApp\myenv\Lib\site-packages\django\core\validators.py first seen with mtime 1720601486.8136942
File D:\working area\RestorentApp\myenv\Lib\site-packages\autobahn\wamp\__init__.py first seen with mtime 1722323389.8865826
File D:\working area\RestorentApp\myenv\Lib\site-packages\django\templatetags\tz.py first seen with mtime 1720601487.032343
File C:\Python\Lib\shutil.py first seen with mtime 1624876618.0
File D:\working area\RestorentApp\myenv\Lib\site-packages\twisted\internet\_sslverify.py first seen with mtime 1722323376.212465
File D:\working area\RestorentApp\myenv\Lib\site-packages\zope\interface\_zope_interface_coptimizations.cp39-win_amd64.pyd first seen with mtime 1722323372.1654928
File C:\Python\Lib\encodings\__init__.py first seen with mtime 1624876618.0
File D:\working area\RestorentApp\myenv\Lib\site-packages\django\utils\asyncio.py first seen with mtime 1720601487.0480425
File D:\working area\RestorentApp\myenv\Lib\site-packages\django\template\exceptions.py first seen with mtime 1720601487.0167196
File D:\working area\RestorentApp\myenv\Lib\site-packages\qrcode\LUT.py first seen with mtime 1722691476.8836012
File D:\working area\RestorentApp\myenv\Lib\site-packages\service_identity\__init__.py first seen with mtime 1722323389.6151466
File D:\working area\RestorentApp\myenv\Lib\site-packages\django\template\library.py first seen with mtime 1720601487.0167196
File D:\working area\RestorentApp\myenv\Lib\site-packages\django\db\models\enums.py first seen with mtime 1720601486.9229636
File C:\Python\Lib\contextvars.py first seen with mtime 1624876618.0
File C:\Python\Lib\difflib.py first seen with mtime 1624876618.0
File D:\working area\RestorentApp\myenv\Lib\site-packages\cryptography\hazmat\primitives\hashes.py first seen with mtime 1722323388.6903775
File D:\working area\RestorentApp\app\restorent\migrations\0011_alter_fooditem_food_type.py first seen with mtime 1721021749.0585318
File D:\working area\RestorentApp\myenv\Lib\site-packages\pytz\__init__.py first seen with mtime 1723115003.8846734
File D:\working area\RestorentApp\myenv\Lib\site-packages\autobahn\wamp\role.py first seen with mtime 1722323389.899588
File C:\Python\Lib\html\entities.py first seen with mtime 1624876618.0
File D:\working area\RestorentApp\myenv\Lib\site-packages\autobahn\wamp\auth.py first seen with mtime 1722323389.8875968
File D:\working area\RestorentApp\myenv\Lib\site-packages\autobahn\wamp\types.py first seen with mtime 1722323389.9035804
File C:\Python\Lib\collections\abc.py first seen with mtime 1624876618.0
File D:\working area\RestorentApp\myenv\Lib\site-packages\django\contrib\postgres\fields\__init__.py first seen with mtime 1720601486.3604796
File D:\working area\RestorentApp\myenv\Lib\site-packages\twisted\_threads\_memory.py first seen with mtime 1722323376.0544584
File D:\working area\RestorentApp\myenv\Lib\site-packages\django\utils\translation\__init__.py first seen with mtime 1720601487.0792167
File D:\working area\RestorentApp\myenv\Lib\site-packages\autobahn\wamp\interfaces.py first seen with mtime 1722323389.893579
File C:\Python\Lib\getpass.py first seen with mtime 1624876618.0
File D:\working area\RestorentApp\myenv\Lib\site-packages\django\db\backends\base\creation.py first seen with mtime 1720601486.8760896
File D:\working area\RestorentApp\myenv\Lib\site-packages\rest_framework\utils\formatting.py first seen with mtime 1722330459.098707
File C:\Python\Lib\email\parser.py first seen with mtime 1624876618.0
File C:\Python\Lib\importlib\machinery.py first seen with mtime 1624876618.0
File D:\working area\RestorentApp\myenv\Lib\site-packages\django\contrib\postgres\forms\__init__.py first seen with mtime 1720601486.3761072
File D:\working area\RestorentApp\myenv\Lib\site-packages\pyasn1\codec\der\decoder.py first seen with mtime 1722323371.2063625
File C:\Python\DLLs\_bz2.pyd first seen with mtime 1624876722.0
File D:\working area\RestorentApp\myenv\Lib\site-packages\django\core\mail\__init__.py first seen with mtime 1720601486.8448513
File D:\working area\RestorentApp\myenv\Lib\site-packages\colorama\ansitowin32.py first seen with mtime 1722691476.5668802
File D:\working area\RestorentApp\myenv\Lib\site-packages\django\core\checks\compatibility\__init__.py first seen with mtime 1720601486.8292584
File D:\working area\RestorentApp\myenv\Lib\site-packages\cffi\api.py first seen with mtime 1722323375.4848385
File D:\working area\RestorentApp\myenv\Lib\site-packages\django\contrib\postgres\search.py first seen with mtime 1720601486.3604796
File C:\Python\DLLs\_uuid.pyd first seen with mtime 1624876722.0
File C:\Python\Lib\uuid.py first seen with mtime 1624876620.0
File C:\Python\Lib\concurrent\futures\__init__.py first seen with mtime 1624876618.0
File D:\working area\RestorentApp\myenv\Lib\site-packages\django\contrib\auth\base_user.py first seen with mtime 1720601485.688593
File D:\working area\RestorentApp\myenv\Lib\site-packages\django\core\files\storage\memory.py first seen with mtime 1720601486.8448513
File D:\working area\RestorentApp\myenv\Lib\site-packages\cryptography\exceptions.py first seen with mtime 1722323388.6253788
File D:\working area\RestorentApp\myenv\Lib\site-packages\twisted\web\__init__.py first seen with mtime 1722323376.7434573
File C:\Python\DLLs\unicodedata.pyd first seen with mtime 1624876726.0
File D:\working area\RestorentApp\myenv\Lib\site-packages\django\template\loaders\cached.py first seen with mtime 1720601487.032343
File D:\working area\RestorentApp\myenv\Lib\site-packages\twisted\python\util.py first seen with mtime 1722323376.535458
File D:\working area\RestorentApp\myenv\Lib\site-packages\PIL\TiffTags.py first seen with mtime 1720870283.012274
File D:\working area\RestorentApp\myenv\Lib\site-packages\django\http\__init__.py first seen with mtime 1720601487.0011394
File D:\working area\RestorentApp\myenv\Lib\site-packages\twisted\web\_responses.py first seen with mtime 1722323376.748461
File D:\working area\RestorentApp\myenv\Lib\site-packages\urllib3\util\wait.py first seen with mtime 1723088599.546402
File D:\working area\RestorentApp\myenv\Lib\site-packages\django\middleware\__init__.py first seen with mtime 1720601487.0167196
File D:\working area\RestorentApp\myenv\Lib\site-packages\idna\core.py first seen with mtime 1722323371.6573124
File D:\working area\RestorentApp\myenv\Lib\site-packages\django\core\checks\model_checks.py first seen with mtime 1720601486.8292584
File C:\Python\Lib\asyncio\log.py first seen with mtime 1624876618.0
File D:\working area\RestorentApp\myenv\Lib\site-packages\qrcode\main.py first seen with mtime 1722691476.8898785
File D:\working area\RestorentApp\myenv\Lib\site-packages\django\core\wsgi.py first seen with mtime 1720601486.8136942
File D:\working area\RestorentApp\myenv\Lib\site-packages\django\db\models\constants.py first seen with mtime 1720601486.90734
File D:\working area\RestorentApp\myenv\Lib\site-packages\urllib3\util\proxy.py first seen with mtime 1723088599.5368693
File C:\Python\Lib\asyncio\windows_utils.py first seen with mtime 1624876618.0
File C:\Python\Lib\asyncio\base_events.py first seen with mtime 1624876618.0
File D:\working area\RestorentApp\myenv\Lib\site-packages\cryptography\hazmat\primitives\serialization\base.py first seen with mtime 1722323388.7043748
File D:\working area\RestorentApp\myenv\Lib\site-packages\daphne\server.py first seen with mtime 1722323392.8127842
File D:\working area\RestorentApp\myenv\Lib\site-packages\django\core\handlers\asgi.py first seen with mtime 1720601486.8448513
File D:\working area\RestorentApp\myenv\Lib\site-packages\png.py first seen with mtime 1722691476.1722295
File D:\working area\RestorentApp\myenv\Lib\site-packages\cryptography\hazmat\__init__.py first seen with mtime 1722323388.7193763
File D:\working area\RestorentApp\myenv\Lib\site-packages\django\contrib\postgres\fields\utils.py first seen with mtime 1720601486.3761072
File D:\working area\RestorentApp\myenv\Lib\site-packages\requests\adapters.py first seen with mtime 1723104599.02676
File D:\working area\RestorentApp\myenv\Lib\site-packages\psycopg2\sql.py first seen with mtime 1724579880.1493392
File D:\working area\RestorentApp\myenv\Lib\site-packages\charset_normalizer\version.py first seen with mtime 1723104598.8229463
File D:\working area\RestorentApp\myenv\Lib\site-packages\rest_framework\negotiation.py first seen with mtime 1722330458.8536553
File D:\working area\RestorentApp\myenv\Lib\site-packages\psycopg2\_ipaddress.py first seen with mtime 1724579880.1173482
File C:\Python\Lib\asyncio\__init__.py first seen with mtime 1624876618.0
File D:\working area\RestorentApp\myenv\Lib\site-packages\idna\intranges.py first seen with mtime 1722323371.6583085
File C:\Python\Lib\email\_policybase.py first seen with mtime 1624876618.0
File C:\Python\Lib\email\mime\__init__.py first seen with mtime 1624876618.0
File C:\Python\Lib\zoneinfo\_tzpath.py first seen with mtime 1624876620.0
File D:\working area\RestorentApp\myenv\Lib\site-packages\pyasn1\codec\__init__.py first seen with mtime 1722323371.1963024
File D:\working area\RestorentApp\myenv\Lib\site-packages\urllib3\filepost.py first seen with mtime 1723088599.5223236
File D:\working area\RestorentApp\myenv\Lib\site-packages\django\utils\html.py first seen with mtime 1720601487.0636616
File D:\working area\RestorentApp\myenv\Lib\site-packages\rest_framework\response.py first seen with mtime 1722330458.8606465
File C:\Python\Lib\importlib\abc.py first seen with mtime 1624876618.0
File D:\working area\RestorentApp\myenv\Lib\site-packages\numpy\_typing\_scalars.py first seen with mtime 1723115005.3389287
File D:\working area\RestorentApp\myenv\Lib\site-packages\django\core\files\move.py first seen with mtime 1720601486.8292584
File D:\working area\RestorentApp\myenv\Lib\site-packages\django\core\checks\security\sessions.py first seen with mtime 1720601486.8292584
File D:\working area\RestorentApp\myenv\Lib\site-packages\django\template\defaultfilters.py first seen with mtime 1720601487.0167196
File C:\Python\Lib\encodings\cp1252.py first seen with mtime 1624876618.0
File D:\working area\RestorentApp\myenv\Lib\site-packages\django\core\mail\utils.py first seen with mtime 1720601486.8448513
File D:\working area\RestorentApp\myenv\Lib\site-packages\sqlparse\sql.py first seen with mtime 1720601484.421743
File D:\working area\RestorentApp\myenv\Lib\site-packages\autobahn\twisted\websocket.py first seen with mtime 1722323389.8692994
File D:\working area\RestorentApp\myenv\Lib\site-packages\django\contrib\contenttypes\checks.py first seen with mtime 1720601485.8135905
File C:\Python\Lib\signal.py first seen with mtime 1624876618.0
File D:\working area\RestorentApp\myenv\Lib\site-packages\django\contrib\postgres\validators.py first seen with mtime 1720601486.3604796
File C:\Python\Lib\_markupbase.py first seen with mtime 1624876618.0
File C:\Python\Lib\tokenize.py first seen with mtime 1624876620.0
File C:\Python\Lib\asyncio\runners.py first seen with mtime 1624876618.0
File D:\working area\RestorentApp\myenv\Lib\site-packages\django\views\debug.py first seen with mtime 1720601487.0792167
File D:\working area\RestorentApp\myenv\Lib\site-packages\django\template\context.py first seen with mtime 1720601487.0167196
File D:\working area\RestorentApp\myenv\Lib\site-packages\django\utils\tree.py first seen with mtime 1720601487.0636616
File C:\Python\Lib\email\__init__.py first seen with mtime 1624876618.0
File D:\working area\RestorentApp\myenv\Lib\site-packages\django\contrib\sites\__init__.py first seen with mtime 1720601486.6886337
File D:\working area\RestorentApp\myenv\Lib\site-packages\django\contrib\messages\api.py first seen with mtime 1720601486.3604796
File D:\working area\RestorentApp\myenv\Lib\site-packages\autobahn\websocket\compress.py first seen with mtime 1722323389.9875867
File C:\Python\Lib\opcode.py first seen with mtime 1624876618.0
File D:\working area\RestorentApp\myenv\Lib\site-packages\twisted\internet\_newtls.py first seen with mtime 1722323376.2064662
File D:\working area\RestorentApp\myenv\Lib\site-packages\django\template\backends\__init__.py first seen with mtime 1720601487.032343
File D:\working area\RestorentApp\myenv\Lib\site-packages\django\contrib\postgres\fields\hstore.py first seen with mtime 1720601486.3761072
File C:\Python\Lib\_bootlocale.py first seen with mtime 1624876618.0
File C:\Python\Lib\pickle.py first seen with mtime 1624876618.0
File D:\working area\RestorentApp\myenv\Lib\site-packages\numpy\_core\_ufunc_config.py first seen with mtime 1723115005.2444794
File D:\working area\RestorentApp\myenv\Lib\site-packages\django\contrib\staticfiles\__init__.py first seen with mtime 1720601486.7979643
File D:\working area\RestorentApp\myenv\Lib\site-packages\attr\_version_info.py first seen with mtime 1722323371.9140587
File D:\working area\RestorentApp\myenv\Lib\site-packages\django\contrib\sessions\backends\__init__.py first seen with mtime 1720601486.5636258
File D:\working area\RestorentApp\myenv\Lib\site-packages\rest_framework\views.py first seen with mtime 1722330458.8716424
File C:\Python\Lib\base64.py first seen with mtime 1624876618.0
File D:\working area\RestorentApp\myenv\Lib\site-packages\django\db\models\options.py first seen with mtime 1720601486.9229636
File D:\working area\RestorentApp\myenv\Lib\site-packages\django\views\defaults.py first seen with mtime 1720601487.0792167
File D:\working area\RestorentApp\myenv\Lib\site-packages\django\db\models\deletion.py first seen with mtime 1720601486.9229636
File D:\working area\RestorentApp\myenv\Lib\site-packages\django\core\checks\__init__.py first seen with mtime 1720601486.8292584
File D:\working area\RestorentApp\myenv\Lib\site-packages\django\db\models\manager.py first seen with mtime 1720601486.9229636
File D:\working area\RestorentApp\myenv\Lib\site-packages\django\contrib\sessions\__init__.py first seen with mtime 1720601486.5636258
File D:\working area\RestorentApp\myenv\Lib\site-packages\twisted\python\components.py first seen with mtime 1722323376.5044596
File D:\working area\RestorentApp\myenv\Lib\site-packages\qrcode\image\styles\__init__.py first seen with mtime 1722691476.9002388
File D:\working area\RestorentApp\myenv\Lib\site-packages\django\core\serializers\base.py first seen with mtime 1720601486.860573
File D:\working area\RestorentApp\myenv\Lib\site-packages\django\contrib\admin\helpers.py first seen with mtime 1720601485.2198265
File D:\working area\RestorentApp\myenv\Lib\site-packages\twisted\protocols\policies.py first seen with mtime 1722323376.4754686
File D:\working area\RestorentApp\myenv\Lib\site-packages\pytz\lazy.py first seen with mtime 1723115003.8856714
File C:\Python\DLLs\_decimal.pyd first seen with mtime 1624876722.0
File D:\working area\RestorentApp\myenv\Lib\site-packages\txaio\_common.py first seen with mtime 1722323363.5751767
File D:\working area\RestorentApp\myenv\Lib\site-packages\charset_normalizer\cd.py first seen with mtime 1723104598.811662
File C:\Python\Lib\pkgutil.py first seen with mtime 1624876618.0
File D:\working area\RestorentApp\myenv\Lib\site-packages\cryptography\hazmat\primitives\asymmetric\ed25519.py first seen with mtime 1722323388.6753728
File D:\working area\RestorentApp\myenv\Lib\site-packages\django\contrib\contenttypes\views.py first seen with mtime 1720601485.8135905
File C:\Python\Lib\email\utils.py first seen with mtime 1624876618.0
File D:\working area\RestorentApp\myenv\Lib\site-packages\autobahn\websocket\compress_bzip2.py first seen with mtime 1722323389.9885855
File D:\working area\RestorentApp\myenv\Lib\site-packages\twisted\internet\__init__.py first seen with mtime 1722323376.199473
File D:\working area\RestorentApp\myenv\Lib\site-packages\django\template\loader.py first seen with mtime 1720601487.032343
File D:\working area\RestorentApp\myenv\Lib\site-packages\numpy\_typing\_shape.py first seen with mtime 1723115005.3399215
File D:\working area\RestorentApp\myenv\Lib\site-packages\pyasn1\debug.py first seen with mtime 1722323371.1943135
File D:\working area\RestorentApp\myenv\Lib\site-packages\django\core\handlers\base.py first seen with mtime 1720601486.8448513
File C:\Python\Lib\gettext.py first seen with mtime 1624876618.0
File D:\working area\RestorentApp\myenv\Lib\site-packages\requests\sessions.py first seen with mtime 1723104599.0347643
File C:\Python\Lib\asyncio\events.py first seen with mtime 1624876618.0
File D:\working area\RestorentApp\myenv\Lib\site-packages\django\contrib\staticfiles\utils.py first seen with mtime 1720601486.8136942
File D:\working area\RestorentApp\myenv\Lib\site-packages\twisted\python\failure.py first seen with mtime 1722323376.507574
File D:\working area\RestorentApp\myenv\Lib\site-packages\requests\__version__.py first seen with mtime 1723104599.024755
File D:\working area\RestorentApp\app\restorent\apps.py first seen with mtime 1720586603.1097398
File C:\Python\Lib\numbers.py first seen with mtime 1624876618.0
File D:\working area\RestorentApp\myenv\Lib\site-packages\twisted\cred\__init__.py first seen with mtime 1722323376.1824682
File D:\working area\RestorentApp\myenv\Lib\site-packages\twisted\internet\interfaces.py first seen with mtime 1722323376.2324545
File D:\working area\RestorentApp\myenv\Lib\site-packages\sqlparse\filters\tokens.py first seen with mtime 1720601484.437387
File D:\working area\RestorentApp\myenv\Lib\site-packages\django\db\migrations\recorder.py first seen with mtime 1720601486.90734
File D:\working area\RestorentApp\myenv\Lib\site-packages\pyasn1\codec\ber\decoder.py first seen with mtime 1722323371.199309
File D:\working area\RestorentApp\myenv\Lib\site-packages\django\http\request.py first seen with mtime 1720601487.0167196
File D:\working area\RestorentApp\myenv\Lib\site-packages\cryptography\x509\oid.py first seen with mtime 1722323388.7283814
File D:\working area\RestorentApp\myenv\Lib\site-packages\django\utils\functional.py first seen with mtime 1720601487.0636616
File C:\Python\Lib\unittest\result.py first seen with mtime 1624876620.0
File C:\Python\Lib\email\mime\multipart.py first seen with mtime 1624876618.0
File D:\working area\RestorentApp\myenv\Lib\site-packages\urllib3\contrib\__init__.py first seen with mtime 1723088599.527308
File D:\working area\RestorentApp\myenv\Lib\site-packages\urllib3\contrib\socks.py first seen with mtime 1723088599.5283027
File D:\working area\RestorentApp\myenv\Lib\site-packages\autobahn\websocket\compress_base.py first seen with mtime 1722323389.9875867
File D:\working area\RestorentApp\myenv\Lib\site-packages\charset_normalizer\__init__.py first seen with mtime 1723104598.8036656
File C:\Python\Lib\email\generator.py first seen with mtime 1624876618.0
File C:\Python\DLLs\_hashlib.pyd first seen with mtime 1624876722.0
File D:\working area\RestorentApp\myenv\Lib\site-packages\service_identity\pyopenssl.py first seen with mtime 1722323389.6191437
File D:\working area\RestorentApp\myenv\Lib\site-packages\django\views\i18n.py first seen with mtime 1720601487.0792167
File D:\working area\RestorentApp\myenv\Lib\site-packages\django\db\models\expressions.py first seen with mtime 1720601486.9229636
File D:\working area\RestorentApp\myenv\Lib\site-packages\numpy\_core\umath.py first seen with mtime 1723115005.1914816
File D:\working area\RestorentApp\myenv\Lib\site-packages\twisted\logger\_file.py first seen with mtime 1722323376.3254557
File D:\working area\RestorentApp\myenv\Lib\site-packages\urllib3\util\response.py first seen with mtime 1723088599.539398
File D:\working area\RestorentApp\myenv\Lib\site-packages\attr\_funcs.py first seen with mtime 1722323371.911057
File D:\working area\RestorentApp\myenv\Lib\site-packages\django\db\migrations\migration.py first seen with mtime 1720601486.90734
File D:\working area\RestorentApp\myenv\Lib\site-packages\urllib3\_request_methods.py first seen with mtime 1723088599.5160835
File D:\working area\RestorentApp\myenv\Lib\site-packages\requests\__init__.py first seen with mtime 1723104599.024755
File D:\working area\RestorentApp\myenv\Lib\site-packages\django\conf\locale\__init__.py first seen with mtime 1720601484.937918
File D:\working area\RestorentApp\myenv\Lib\site-packages\sqlparse\tokens.py first seen with mtime 1720601484.421743
File C:\Python\Lib\linecache.py first seen with mtime 1624876618.0
File D:\working area\RestorentApp\myenv\Lib\site-packages\django\views\static.py first seen with mtime 1720601487.0792167
File D:\working area\RestorentApp\myenv\Lib\site-packages\django\contrib\postgres\fields\array.py first seen with mtime 1720601486.3604796
File D:\working area\RestorentApp\myenv\Lib\site-packages\requests\auth.py first seen with mtime 1723104599.0277555
File C:\Python\Lib\mimetypes.py first seen with mtime 1624876618.0
File D:\working area\RestorentApp\myenv\Lib\site-packages\numpy\_globals.py first seen with mtime 1723115004.7096872
File D:\working area\RestorentApp\myenv\Lib\site-packages\service_identity\exceptions.py first seen with mtime 1722323389.6171508
File C:\Python\Lib\typing.py first seen with mtime 1624876620.0
File D:\working area\RestorentApp\myenv\Lib\site-packages\django\db\backends\postgresql\client.py first seen with mtime 1720601486.8918552
File D:\working area\RestorentApp\myenv\Lib\site-packages\urllib3\_version.py first seen with mtime 1723088599.5170858
File D:\working area\RestorentApp\myenv\Lib\site-packages\django\urls\conf.py first seen with mtime 1720601487.0480425
File D:\working area\RestorentApp\myenv\Lib\site-packages\pytz\exceptions.py first seen with mtime 1723115003.8846734
File D:\working area\RestorentApp\myenv\Lib\site-packages\qrcode\image\styles\moduledrawers\__init__.py first seen with mtime 1722691476.90387
File D:\working area\RestorentApp\myenv\Lib\site-packages\qrcode\constants.py first seen with mtime 1722691476.886932
File D:\working area\RestorentApp\myenv\Lib\site-packages\django\contrib\postgres\forms\array.py first seen with mtime 1720601486.3761072
File D:\working area\RestorentApp\myenv\Lib\site-packages\django\__init__.py first seen with mtime 1720601484.9224072
File D:\working area\RestorentApp\myenv\Lib\site-packages\django\template\smartif.py first seen with mtime 1720601487.032343
File D:\working area\RestorentApp\myenv\Lib\site-packages\psycopg2\__init__.py first seen with mtime 1724579880.1153386
File D:\working area\RestorentApp\myenv\Lib\site-packages\pyasn1\type\tag.py first seen with mtime 1722323371.2203093
File D:\working area\RestorentApp\myenv\Lib\site-packages\django\contrib\auth\signals.py first seen with mtime 1720601485.688593
File D:\working area\RestorentApp\myenv\Lib\site-packages\PIL\ImageDraw.py first seen with mtime 1720870282.9341326
File D:\working area\RestorentApp\myenv\Lib\site-packages\rest_framework\settings.py first seen with mtime 1722330458.8656502
File D:\working area\RestorentApp\myenv\Lib\site-packages\django\db\models\functions\mixins.py first seen with mtime 1720601486.9229636
File D:\working area\RestorentApp\myenv\Lib\site-packages\django\contrib\admin\filters.py first seen with mtime 1720601485.2198265
File C:\Python\Lib\_collections_abc.py first seen with mtime 1624876618.0
File C:\Python\Lib\hmac.py first seen with mtime 1624876618.0
File D:\working area\RestorentApp\myenv\Lib\site-packages\django\template\loaders\app_directories.py first seen with mtime 1720601487.032343
File D:\working area\RestorentApp\myenv\Lib\site-packages\pyasn1\codec\cer\decoder.py first seen with mtime 1722323371.2033236
File D:\working area\RestorentApp\myenv\Lib\site-packages\autobahn\rawsocket\__init__.py first seen with mtime 1722323389.8502657
File D:\working area\RestorentApp\myenv\Lib\site-packages\sqlparse\__init__.py first seen with mtime 1720601484.421743
File C:\Python\Lib\ctypes\wintypes.py first seen with mtime 1624876618.0
File C:\Python\Lib\uu.py first seen with mtime 1624876620.0
File D:\working area\RestorentApp\myenv\Lib\site-packages\attr\setters.py first seen with mtime 1722323371.922039
File C:\Python\Lib\bisect.py first seen with mtime 1624876618.0
File D:\working area\RestorentApp\myenv\Lib\site-packages\django\utils\dateparse.py first seen with mtime 1720601487.0480425
File C:\Python\Lib\email\mime\base.py first seen with mtime 1624876618.0
File D:\working area\RestorentApp\myenv\Lib\site-packages\requests\utils.py first seen with mtime 1723104599.0367594
File D:\working area\RestorentApp\myenv\Lib\site-packages\attr\_cmp.py first seen with mtime 1722323371.907052
File D:\working area\RestorentApp\myenv\Lib\site-packages\django\db\backends\postgresql\schema.py first seen with mtime 1720601486.8918552
File D:\working area\RestorentApp\myenv\Lib\site-packages\django\template\autoreload.py first seen with mtime 1720601487.0167196
File C:\Python\Lib\glob.py first seen with mtime 1624876618.0
File D:\working area\RestorentApp\myenv\Lib\site-packages\django\contrib\admin\utils.py first seen with mtime 1720601485.2198265
File D:\working area\RestorentApp\myenv\Lib\site-packages\twisted\_threads\_convenience.py first seen with mtime 1722323376.052458
File D:\working area\RestorentApp\myenv\Lib\site-packages\colorama\win32.py first seen with mtime 1722691476.5688748
File D:\working area\RestorentApp\myenv\Lib\site-packages\numpy\_core\memmap.py first seen with mtime 1723115005.1824963
File C:\Python\Lib\zoneinfo\__init__.py first seen with mtime 1624876620.0
File D:\working area\RestorentApp\myenv\Lib\site-packages\numpy\_core\function_base.py first seen with mtime 1723115005.1804857
File C:\Python\Lib\unittest\case.py first seen with mtime 1624876620.0
File D:\working area\RestorentApp\myenv\Lib\site-packages\django\forms\boundfield.py first seen with mtime 1720601486.938656
File D:\working area\RestorentApp\myenv\Lib\site-packages\django\utils\datastructures.py first seen with mtime 1720601487.0480425
File D:\working area\RestorentApp\myenv\Lib\site-packages\django\utils\connection.py first seen with mtime 1720601487.0480425
File D:\working area\RestorentApp\myenv\Lib\site-packages\django\views\generic\__init__.py first seen with mtime 1720601487.0792167
File D:\working area\RestorentApp\myenv\Lib\site-packages\twisted\logger\_global.py first seen with mtime 1722323376.3284574
File D:\working area\RestorentApp\myenv\Lib\site-packages\django\contrib\auth\__init__.py first seen with mtime 1720601485.6729689
File C:\Python\Lib\json\scanner.py first seen with mtime 1624876618.0
File D:\working area\RestorentApp\myenv\Lib\site-packages\sqlparse\engine\filter_stack.py first seen with mtime 1720601484.421743
File D:\working area\RestorentApp\myenv\Lib\site-packages\twisted\internet\asyncioreactor.py first seen with mtime 1722323376.2194583
File C:\Python\Lib\asyncio\exceptions.py first seen with mtime 1624876618.0
File D:\working area\RestorentApp\myenv\Lib\site-packages\django\core\cache\__init__.py first seen with mtime 1720601486.8136942
File D:\working area\RestorentApp\myenv\Lib\site-packages\django\core\files\locks.py first seen with mtime 1720601486.8292584
File D:\working area\RestorentApp\myenv\Lib\site-packages\numpy\lib\_scimath_impl.py first seen with mtime 1723115004.9135652
File D:\working area\RestorentApp\myenv\Lib\site-packages\django\contrib\auth\decorators.py first seen with mtime 1720601485.688593
File C:\Python\Lib\pprint.py first seen with mtime 1624876618.0
File D:\working area\RestorentApp\myenv\Lib\site-packages\cryptography\hazmat\primitives\_cipheralgorithm.py first seen with mtime 1722323388.714376
File C:\Python\Lib\email\policy.py first seen with mtime 1624876618.0
File D:\working area\RestorentApp\myenv\Lib\site-packages\django\contrib\auth\admin.py first seen with mtime 1720601485.6729689
File D:\working area\RestorentApp\myenv\Lib\site-packages\pyasn1\type\namedval.py first seen with mtime 1722323371.2193139
File D:\working area\RestorentApp\myenv\Lib\site-packages\cffi\__init__.py first seen with mtime 1722323375.4778316
File D:\working area\RestorentApp\myenv\Lib\site-packages\cryptography\x509\__init__.py first seen with mtime 1722323388.730375
File D:\working area\RestorentApp\myenv\Lib\site-packages\django\db\backends\postgresql\introspection.py first seen with mtime 1720601486.8918552
File D:\working area\RestorentApp\myenv\Lib\site-packages\requests\compat.py first seen with mtime 1723104599.029751
File D:\working area\RestorentApp\myenv\Lib\site-packages\sqlparse\utils.py first seen with mtime 1720601484.421743
File D:\working area\RestorentApp\myenv\Lib\site-packages\django\contrib\sessions\backends\base.py first seen with mtime 1720601486.5636258
File D:\working area\RestorentApp\myenv\Lib\site-packages\django\utils\regex_helper.py first seen with mtime 1720601487.0636616
File D:\working area\RestorentApp\myenv\Lib\site-packages\django\core\checks\templates.py first seen with mtime 1720601486.8292584
File D:\working area\RestorentApp\myenv\Lib\site-packages\django\db\models\sql\query.py first seen with mtime 1720601486.938656
File D:\working area\RestorentApp\myenv\Lib\site-packages\hyperlink\__init__.py first seen with mtime 1722323375.2295995
File D:\working area\RestorentApp\myenv\Lib\site-packages\twisted\cred\_digest.py first seen with mtime 1722323376.1844656
File D:\working area\RestorentApp\myenv\Lib\site-packages\hyperlink\_socket.py first seen with mtime 1722323375.231591
File C:\Python\Lib\urllib\response.py first seen with mtime 1624876620.0
File D:\working area\RestorentApp\myenv\Lib\site-packages\autobahn\websocket\utf8validator.py first seen with mtime 1722323389.996598
File D:\working area\RestorentApp\myenv\Lib\site-packages\certifi\core.py first seen with mtime 1723088600.7763486
File C:\Python\Lib\concurrent\futures\thread.py first seen with mtime 1624876618.0
File D:\working area\RestorentApp\myenv\Lib\site-packages\constantly\__init__.py first seen with mtime 1722323371.8117793
File D:\working area\RestorentApp\myenv\Lib\site-packages\cryptography\x509\name.py first seen with mtime 1722323388.726378
File D:\working area\RestorentApp\myenv\Lib\site-packages\numpy\dtypes.py first seen with mtime 1723115004.7036903
File D:\working area\RestorentApp\myenv\Lib\site-packages\requests\hooks.py first seen with mtime 1723104599.0317588
File D:\working area\RestorentApp\myenv\Lib\site-packages\django\db\models\signals.py first seen with mtime 1720601486.9229636
File D:\working area\RestorentApp\myenv\Lib\site-packages\twisted\cred\credentials.py first seen with mtime 1722323376.1854653
File C:\Python\Lib\asyncio\transports.py first seen with mtime 1624876618.0
File D:\working area\RestorentApp\myenv\Lib\site-packages\django\db\backends\base\operations.py first seen with mtime 1720601486.8760896
File D:\working area\RestorentApp\myenv\Lib\site-packages\rest_framework\apps.py first seen with mtime 1722330458.84364
File D:\working area\RestorentApp\myenv\Lib\site-packages\django\views\generic\edit.py first seen with mtime 1720601487.0792167
File D:\working area\RestorentApp\myenv\Lib\site-packages\twisted\_version.py first seen with mtime 1722323376.0484624
File D:\working area\RestorentApp\myenv\Lib\site-packages\django\utils\autoreload.py first seen with mtime 1720601487.0480425
File D:\working area\RestorentApp\myenv\Lib\site-packages\django\contrib\postgres\fields\citext.py first seen with mtime 1720601486.3761072
File D:\working area\RestorentApp\myenv\Lib\site-packages\rest_framework\authentication.py first seen with mtime 1722330458.8446417
File D:\working area\RestorentApp\myenv\Lib\site-packages\txaio\_version.py first seen with mtime 1722323363.5781932
File D:\working area\RestorentApp\myenv\Lib\site-packages\requests\certs.py first seen with mtime 1723104599.0287535
File D:\working area\RestorentApp\myenv\Lib\site-packages\sqlparse\filters\others.py first seen with mtime 1720601484.437387
File D:\working area\RestorentApp\myenv\Lib\site-packages\charset_normalizer\md.cp39-win_amd64.pyd first seen with mtime 1723104598.8156526
File D:\working area\RestorentApp\myenv\Lib\site-packages\twisted\internet\base.py first seen with mtime 1722323376.220474
File D:\working area\RestorentApp\app\restorent\urls.py first seen with mtime 1724671993.332319
File D:\working area\RestorentApp\myenv\Lib\site-packages\django\core\cache\utils.py first seen with mtime 1720601486.8136942
File C:\Python\DLLs\_overlapped.pyd first seen with mtime 1624876722.0
File D:\working area\RestorentApp\myenv\Lib\site-packages\numpy\lib\mixins.py first seen with mtime 1723115004.893567
File D:\working area\RestorentApp\myenv\Lib\site-packages\txaio\_iotype.py first seen with mtime 1722323363.5761745
File D:\working area\RestorentApp\myenv\Lib\site-packages\django\views\decorators\csrf.py first seen with mtime 1720601487.0792167
File D:\working area\RestorentApp\myenv\Lib\site-packages\OpenSSL\__init__.py first seen with mtime 1722323389.693487
File D:\working area\RestorentApp\myenv\Lib\site-packages\twisted\internet\fdesc.py first seen with mtime 1722323376.2274556
File D:\working area\RestorentApp\myenv\Lib\site-packages\django\contrib\sessions\exceptions.py first seen with mtime 1720601486.5636258
File D:\working area\RestorentApp\myenv\Lib\site-packages\rest_framework\utils\timezone.py first seen with mtime 1722330459.1056466
File D:\working area\RestorentApp\myenv\Lib\site-packages\django\core\checks\registry.py first seen with mtime 1720601486.8292584
File D:\working area\RestorentApp\myenv\Lib\site-packages\attr\_make.py first seen with mtime 1722323371.9120831
File D:\working area\RestorentApp\myenv\Lib\site-packages\django\contrib\admin\templatetags\admin_urls.py first seen with mtime 1720601485.547972
File D:\working area\RestorentApp\myenv\Lib\site-packages\django\contrib\contenttypes\apps.py first seen with mtime 1720601485.8135905
File C:\Python\Lib\site.py first seen with mtime 1624876618.0
File D:\working area\RestorentApp\myenv\Lib\site-packages\twisted\internet\posixbase.py first seen with mtime 1722323376.2374585
File C:\Python\Lib\encodings\utf_8.py first seen with mtime 1624876618.0
File D:\working area\RestorentApp\myenv\Lib\site-packages\PIL\_version.py first seen with mtime 1720870283.074787
File D:\working area\RestorentApp\myenv\Lib\site-packages\urllib3\response.py first seen with mtime 1723088599.5263045
File D:\working area\RestorentApp\myenv\Lib\site-packages\django\utils\hashable.py first seen with mtime 1720601487.0636616
File D:\working area\RestorentApp\myenv\Lib\site-packages\django\template\loader_tags.py first seen with mtime 1720601487.032343
File D:\working area\RestorentApp\myenv\Lib\site-packages\django\test\client.py first seen with mtime 1720601487.032343
File D:\working area\RestorentApp\myenv\Lib\site-packages\cryptography\hazmat\bindings\openssl\__init__.py first seen with mtime 1722323388.635402
File D:\working area\RestorentApp\myenv\Lib\site-packages\django\contrib\admin\checks.py first seen with mtime 1720601485.2062635
File D:\working area\RestorentApp\myenv\Lib\site-packages\django\db\backends\postgresql\features.py first seen with mtime 1720601486.8918552
File C:\Python\Lib\importlib\_common.py first seen with mtime 1624876618.0
File D:\working area\RestorentApp\myenv\Lib\site-packages\incremental\__init__.py first seen with mtime 1722323375.0845902
File C:\Python\Lib\wsgiref\handlers.py first seen with mtime 1624876620.0
File C:\Python\Lib\http\cookies.py first seen with mtime 1624876618.0
File D:\working area\RestorentApp\myenv\Lib\site-packages\numpy\_core\_type_aliases.py first seen with mtime 1723115005.243485
File D:\working area\RestorentApp\myenv\Lib\site-packages\cryptography\__about__.py first seen with mtime 1722323388.7314036
File C:\Python\Lib\http\cookiejar.py first seen with mtime 1624876618.0
File D:\working area\RestorentApp\myenv\Lib\site-packages\pytz\tzfile.py first seen with mtime 1723115003.8866713
File D:\working area\RestorentApp\myenv\Lib\site-packages\numpy\lib\_histograms_impl.py first seen with mtime 1723115004.9055624
File D:\working area\RestorentApp\myenv\Lib\site-packages\sqlparse\filters\right_margin.py first seen with mtime 1720601484.437387
File D:\working area\RestorentApp\myenv\Lib\site-packages\hyperlink\_url.py first seen with mtime 1722323375.2325916
File D:\working area\RestorentApp\myenv\Lib\site-packages\django\db\models\fields\related_lookups.py first seen with mtime 1720601486.9229636
File C:\Python\Lib\dis.py first seen with mtime 1624876618.0
File D:\working area\RestorentApp\myenv\Lib\site-packages\numpy\_core\fromnumeric.py first seen with mtime 1723115005.1794806
File D:\working area\RestorentApp\myenv\Lib\site-packages\attr\_next_gen.py first seen with mtime 1722323371.9131832
File C:\Python\Lib\argparse.py first seen with mtime 1624876618.0
File D:\working area\RestorentApp\myenv\Lib\site-packages\daphne\checks.py first seen with mtime 1722323392.8077857
File D:\working area\RestorentApp\myenv\Lib\site-packages\django\contrib\auth\management\__init__.py first seen with mtime 1720601485.7979646
File C:\Python\Lib\importlib\util.py first seen with mtime 1624876618.0
File D:\working area\RestorentApp\myenv\Lib\site-packages\numpy\_core\_asarray.py first seen with mtime 1723115005.1934795
File D:\working area\RestorentApp\myenv\Lib\site-packages\django\db\migrations\operations\__init__.py first seen with mtime 1720601486.90734
File D:\working area\RestorentApp\myenv\Lib\site-packages\sqlparse\engine\__init__.py first seen with mtime 1720601484.421743
File D:\working area\RestorentApp\myenv\Lib\site-packages\numpy\matrixlib\__init__.py first seen with mtime 1723115004.9911277
File D:\working area\RestorentApp\myenv\Lib\site-packages\daphne\management\commands\runserver.py first seen with mtime 1722323392.818785
File C:\Python\Lib\queue.py first seen with mtime 1624876618.0
File C:\Python\Lib\heapq.py first seen with mtime 1624876618.0
File D:\working area\RestorentApp\myenv\Lib\site-packages\rest_framework\__init__.py first seen with mtime 1722330458.84364
File C:\Python\Lib\re.py first seen with mtime 1624876618.0
File D:\working area\RestorentApp\myenv\Lib\site-packages\channels\__init__.py first seen with mtime 1722323308.9136608
File D:\working area\RestorentApp\myenv\Lib\site-packages\django\dispatch\__init__.py first seen with mtime 1720601486.938656
File C:\Python\Lib\asyncio\base_subprocess.py first seen with mtime 1624876618.0
File D:\working area\RestorentApp\myenv\Lib\site-packages\django\core\handlers\wsgi.py first seen with mtime 1720601486.8448513
File D:\working area\RestorentApp\myenv\Lib\site-packages\numpy\lib\_version.py first seen with mtime 1723115004.9289224
File D:\working area\RestorentApp\myenv\Lib\site-packages\rest_framework\decorators.py first seen with mtime 1722330458.8467543
File D:\working area\RestorentApp\myenv\Lib\site-packages\django\contrib\sessions\models.py first seen with mtime 1720601486.5636258
File D:\working area\RestorentApp\myenv\Lib\site-packages\twisted\internet\_signals.py first seen with mtime 1722323376.2114594
File D:\working area\RestorentApp\myenv\Lib\site-packages\colorama\winterm.py first seen with mtime 1722691476.5698762
File D:\working area\RestorentApp\myenv\Lib\site-packages\django\contrib\admin\views\main.py first seen with mtime 1720601485.547972
File D:\working area\RestorentApp\myenv\Lib\site-packages\django\contrib\messages\utils.py first seen with mtime 1720601486.3604796
File D:\working area\RestorentApp\myenv\Lib\site-packages\rest_framework\status.py first seen with mtime 1722330458.8656502
File C:\Python\Lib\asyncio\trsock.py first seen with mtime 1624876618.0
File D:\working area\RestorentApp\myenv\Lib\site-packages\twisted\internet\error.py first seen with mtime 1722323376.2264547
File D:\working area\RestorentApp\myenv\Lib\site-packages\django\core\management\sql.py first seen with mtime 1720601486.8448513
File D:\working area\RestorentApp\myenv\Lib\site-packages\django\forms\renderers.py first seen with mtime 1720601486.938656
File D:\working area\RestorentApp\myenv\Lib\site-packages\django\forms\widgets.py first seen with mtime 1720601486.938656
File C:\Python\Lib\nturl2path.py first seen with mtime 1624876618.0
File D:\working area\RestorentApp\myenv\Lib\site-packages\django\http\multipartparser.py first seen with mtime 1720601487.0011394
File D:\working area\RestorentApp\myenv\Lib\site-packages\django\utils\duration.py first seen with mtime 1720601487.0636616
File D:\working area\RestorentApp\myenv\Lib\site-packages\requests\exceptions.py first seen with mtime 1723104599.0307503
File D:\working area\RestorentApp\myenv\Lib\site-packages\twisted\internet\_resolver.py first seen with mtime 1722323376.2104595
File D:\working area\RestorentApp\myenv\Lib\site-packages\attr\converters.py first seen with mtime 1722323371.9161103
File D:\working area\RestorentApp\myenv\Lib\site-packages\twisted\logger\__init__.py first seen with mtime 1722323376.32346
File D:\working area\RestorentApp\myenv\Lib\site-packages\numpy\lib\format.py first seen with mtime 1723115004.8915646
File D:\working area\RestorentApp\myenv\Lib\site-packages\colorama\__init__.py first seen with mtime 1722691476.5648708
File D:\working area\RestorentApp\myenv\Lib\site-packages\django\utils\deprecation.py first seen with mtime 1720601487.0636616
File C:\Python\Lib\contextlib.py first seen with mtime 1624876618.0
File D:\working area\RestorentApp\myenv\Lib\site-packages\twisted\_threads\_ithreads.py first seen with mtime 1722323376.052458
File C:\Python\Lib\xml\dom\minicompat.py first seen with mtime 1624876620.0
File D:\working area\RestorentApp\myenv\Lib\site-packages\django\db\backends\ddl_references.py first seen with mtime 1720601486.8760896
File C:\Python\Lib\unittest\loader.py first seen with mtime 1624876620.0
File D:\working area\RestorentApp\myenv\Lib\site-packages\qrcode\util.py first seen with mtime 1722691476.8914008
File D:\working area\RestorentApp\myenv\Lib\site-packages\django\db\models\sql\constants.py first seen with mtime 1720601486.938656
File D:\working area\RestorentApp\myenv\Lib\site-packages\twisted\logger\_io.py first seen with mtime 1722323376.3304646
File D:\working area\RestorentApp\myenv\Lib\site-packages\twisted\logger\_interfaces.py first seen with mtime 1722323376.3294637
File D:\working area\RestorentApp\myenv\Lib\site-packages\django\contrib\admin\templatetags\admin_modify.py first seen with mtime 1720601485.547972
File D:\working area\RestorentApp\myenv\Lib\site-packages\django\contrib\staticfiles\finders.py first seen with mtime 1720601486.7979643
File D:\working area\RestorentApp\myenv\Lib\site-packages\charset_normalizer\api.py first seen with mtime 1723104598.809659
File D:\working area\RestorentApp\myenv\Lib\site-packages\numpy\_core\_add_newdocs.py first seen with mtime 1723115005.1924837
File D:\working area\RestorentApp\myenv\Lib\site-packages\django\conf\global_settings.py first seen with mtime 1720601484.9224072
File D:\working area\RestorentApp\myenv\Lib\site-packages\numpy\_pytesttester.py first seen with mtime 1723115004.7106905
File D:\working area\RestorentApp\myenv\Lib\site-packages\django\views\csrf.py first seen with mtime 1720601487.0792167
File D:\working area\RestorentApp\myenv\Lib\site-packages\django\views\generic\base.py first seen with mtime 1720601487.0792167
File D:\working area\RestorentApp\myenv\Lib\site-packages\rest_framework\renderers.py first seen with mtime 1722330458.8586552
File C:\Python\Lib\_compression.py first seen with mtime 1624876618.0
File D:\working area\RestorentApp\myenv\Lib\site-packages\django\core\signing.py first seen with mtime 1720601486.8136942
File D:\working area\RestorentApp\myenv\Lib\site-packages\sqlparse\exceptions.py first seen with mtime 1720601484.421743
File D:\working area\RestorentApp\myenv\Lib\site-packages\django\contrib\sessions\middleware.py first seen with mtime 1720601486.5636258
File D:\working area\RestorentApp\myenv\Lib\site-packages\twisted\protocols\__init__.py first seen with mtime 1722323376.4654734
File D:\working area\RestorentApp\myenv\Lib\site-packages\cryptography\hazmat\decrepit\__init__.py first seen with mtime 1722323388.670386
File D:\working area\RestorentApp\myenv\Lib\site-packages\requests\_internal_utils.py first seen with mtime 1723104599.0257654
File C:\Python\Lib\email\_encoded_words.py first seen with mtime 1624876618.0
File D:\working area\RestorentApp\myenv\Lib\site-packages\cryptography\x509\base.py first seen with mtime 1722323388.722371
File D:\working area\RestorentApp\myenv\Lib\site-packages\django\contrib\sessions\base_session.py first seen with mtime 1720601486.5636258
File D:\working area\RestorentApp\myenv\Lib\site-packages\requests\models.py first seen with mtime 1723104599.0337477
File D:\working area\RestorentApp\myenv\Lib\site-packages\django\core\serializers\__init__.py first seen with mtime 1720601486.860573
File D:\working area\RestorentApp\myenv\Lib\site-packages\twisted\python\reflect.py first seen with mtime 1722323376.5214696
File D:\working area\RestorentApp\myenv\Lib\site-packages\twisted\internet\task.py first seen with mtime 1722323376.244459
File D:\working area\RestorentApp\myenv\Lib\site-packages\daphne\management\commands\__init__.py first seen with mtime 1722323392.8177843
File D:\working area\RestorentApp\myenv\Lib\site-packages\django\contrib\admin\models.py first seen with mtime 1720601485.2198265
File D:\working area\RestorentApp\myenv\Lib\site-packages\django\contrib\admindocs\utils.py first seen with mtime 1720601485.563591
File D:\working area\RestorentApp\myenv\Lib\site-packages\pytz\tzinfo.py first seen with mtime 1723115003.8866713
File C:\Python\Lib\token.py first seen with mtime 1624876620.0
File D:\working area\RestorentApp\myenv\Lib\site-packages\autobahn\wamp\exception.py first seen with mtime 1722323389.8925803
File C:\Python\Lib\bz2.py first seen with mtime 1624876618.0
File D:\working area\RestorentApp\myenv\Lib\site-packages\cryptography\hazmat\primitives\asymmetric\x25519.py first seen with mtime 1722323388.6803882
File D:\working area\RestorentApp\myenv\Lib\site-packages\autobahn\twisted\__init__.py first seen with mtime 1722323389.8592641
File C:\Python\Lib\json\__init__.py first seen with mtime 1624876618.0
File D:\working area\RestorentApp\myenv\Lib\site-packages\django\db\models\aggregates.py first seen with mtime 1720601486.90734
File D:\working area\RestorentApp\myenv\Lib\site-packages\pyasn1\type\__init__.py first seen with mtime 1722323371.2133107
File C:\Python\Lib\asyncio\subprocess.py first seen with mtime 1624876618.0
File D:\working area\RestorentApp\myenv\Lib\site-packages\urllib3\util\ssltransport.py first seen with mtime 1723088599.543407
File D:\working area\RestorentApp\myenv\Lib\site-packages\cryptography\hazmat\primitives\_serialization.py first seen with mtime 1722323388.7153807
File D:\working area\RestorentApp\myenv\Lib\site-packages\qrcode\compat\pil.py first seen with mtime 1722691476.893217
File D:\working area\RestorentApp\myenv\Lib\site-packages\requests\status_codes.py first seen with mtime 1723104599.0347643
File D:\working area\RestorentApp\myenv\Lib\site-packages\django\conf\urls\static.py first seen with mtime 1720601485.2062635
File D:\working area\RestorentApp\myenv\Lib\site-packages\urllib3\connectionpool.py first seen with mtime 1723088599.5193088
File D:\working area\RestorentApp\myenv\Lib\site-packages\django\views\decorators\debug.py first seen with mtime 1720601487.0792167
File D:\working area\RestorentApp\myenv\Lib\site-packages\django\core\files\storage\__init__.py first seen with mtime 1720601486.8292584
File D:\working area\RestorentApp\myenv\Lib\site-packages\django\core\handlers\__init__.py first seen with mtime 1720601486.8448513
File C:\Python\Lib\email\header.py first seen with mtime 1624876618.0
File D:\working area\RestorentApp\myenv\Lib\site-packages\numpy\typing\__init__.py first seen with mtime 1723115005.1024823
File C:\Python\Lib\pathlib.py first seen with mtime 1624876618.0
File D:\working area\RestorentApp\myenv\Lib\site-packages\django\contrib\contenttypes\management\__init__.py first seen with mtime 1720601485.922965
File D:\working area\RestorentApp\myenv\Lib\site-packages\rest_framework\utils\json.py first seen with mtime 1722330459.1016366
File D:\working area\RestorentApp\myenv\Lib\site-packages\urllib3\util\__init__.py first seen with mtime 1723088599.5358722
File D:\working area\RestorentApp\myenv\Lib\site-packages\django\apps\config.py first seen with mtime 1720601484.9224072
File D:\working area\RestorentApp\myenv\Lib\site-packages\django\utils\safestring.py first seen with mtime 1720601487.0636616
File D:\working area\RestorentApp\myenv\Lib\site-packages\django\urls\converters.py first seen with mtime 1720601487.0480425
File D:\working area\RestorentApp\myenv\Lib\site-packages\psycopg2\_json.py first seen with mtime 1724579880.118341
File D:\working area\RestorentApp\myenv\Lib\site-packages\rest_framework\request.py first seen with mtime 1722330458.8606465
File D:\working area\RestorentApp\myenv\Lib\site-packages\django\db\models\query_utils.py first seen with mtime 1720601486.9229636
File D:\working area\RestorentApp\myenv\Lib\site-packages\django\contrib\sites\shortcuts.py first seen with mtime 1720601486.6886337
File D:\working area\RestorentApp\myenv\Lib\site-packages\django\core\cache\backends\locmem.py first seen with mtime 1720601486.8136942
File C:\Python\Lib\email\_header_value_parser.py first seen with mtime 1624876618.0
File D:\working area\RestorentApp\myenv\Lib\site-packages\django\core\checks\security\csrf.py first seen with mtime 1720601486.8292584
File D:\working area\RestorentApp\myenv\Lib\site-packages\django\utils\translation\trans_real.py first seen with mtime 1720601487.0792167
File D:\working area\RestorentApp\myenv\Lib\site-packages\django\db\models\base.py first seen with mtime 1720601486.90734
File D:\working area\RestorentApp\myenv\Lib\site-packages\django\views\__init__.py first seen with mtime 1720601487.0792167
File D:\working area\RestorentApp\myenv\Lib\site-packages\rest_framework\utils\serializer_helpers.py first seen with mtime 1722330459.1046455
File C:\Python\Lib\asyncio\threads.py first seen with mtime 1624876618.0
File D:\working area\RestorentApp\myenv\Lib\site-packages\certifi\__init__.py first seen with mtime 1723088600.771453
File D:\working area\RestorentApp\myenv\Lib\site-packages\django\db\models\functions\text.py first seen with mtime 1720601486.938656
File C:\Python\Lib\http\server.py first seen with mtime 1624876618.0
File D:\working area\RestorentApp\myenv\Lib\site-packages\django\views\decorators\common.py first seen with mtime 1720601487.0792167
File D:\working area\RestorentApp\myenv\Lib\site-packages\psycopg2\errors.py first seen with mtime 1724579880.144345
File D:\working area\RestorentApp\myenv\Lib\site-packages\rest_framework\schemas\inspectors.py first seen with mtime 1722330458.97864
File D:\working area\RestorentApp\myenv\Lib\site-packages\daphne\http_protocol.py first seen with mtime 1722323392.811778
File C:\Python\Lib\asyncio\base_futures.py first seen with mtime 1624876618.0
File D:\working area\RestorentApp\myenv\Lib\site-packages\django\contrib\sites\requests.py first seen with mtime 1720601486.6886337
File D:\working area\RestorentApp\myenv\Lib\site-packages\twisted\persisted\__init__.py first seen with mtime 1722323376.4314651
File D:\working area\RestorentApp\myenv\Lib\site-packages\django\contrib\auth\models.py first seen with mtime 1720601485.688593
File C:\Python\Lib\copyreg.py first seen with mtime 1624876618.0
File D:\working area\RestorentApp\myenv\Lib\site-packages\pyasn1\compat\__init__.py first seen with mtime 1722323371.2113247
File D:\working area\RestorentApp\myenv\Lib\site-packages\django\contrib\postgres\fields\jsonb.py first seen with mtime 1720601486.3761072
File D:\working area\RestorentApp\myenv\Lib\site-packages\numpy\lib\_ufunclike_impl.py first seen with mtime 1723115004.9225664
File C:\Python\Lib\unittest\signals.py first seen with mtime 1624876620.0
File D:\working area\RestorentApp\myenv\Lib\site-packages\cffi\error.py first seen with mtime 1722323375.4898343
File D:\working area\RestorentApp\myenv\Lib\site-packages\sqlparse\filters\output.py first seen with mtime 1720601484.437387
File D:\working area\RestorentApp\myenv\Lib\site-packages\PIL\ImageMode.py first seen with mtime 1720870282.9498453
File D:\working area\RestorentApp\myenv\Lib\site-packages\daphne\endpoints.py first seen with mtime 1722323392.8107798
File D:\working area\RestorentApp\myenv\Lib\site-packages\rest_framework\templatetags\__init__.py first seen with mtime 1722330459.0926368
File D:\working area\RestorentApp\myenv\Lib\site-packages\autobahn\websocket\protocol.py first seen with mtime 1722323389.9945865
File D:\working area\RestorentApp\myenv\Lib\site-packages\numpy\lib\_twodim_base_impl.py first seen with mtime 1723115004.9195693
File D:\working area\RestorentApp\myenv\Lib\site-packages\django\db\migrations\operations\base.py first seen with mtime 1720601486.90734
File D:\working area\RestorentApp\myenv\Lib\site-packages\qrcode\image\__init__.py first seen with mtime 1722691476.894236
File D:\working area\RestorentApp\myenv\Lib\site-packages\django\db\backends\base\client.py first seen with mtime 1720601486.8760896
File D:\working area\RestorentApp\myenv\Lib\site-packages\numpy\_core\_methods.py first seen with mtime 1723115005.1984801
File C:\Python\Lib\locale.py first seen with mtime 1624876618.0
File D:\working area\RestorentApp\myenv\Lib\site-packages\rest_framework\reverse.py first seen with mtime 1722330458.8616366
File D:\working area\RestorentApp\myenv\Lib\site-packages\attrs\setters.py first seen with mtime 1722323371.929152
File C:\Python\Lib\wsgiref\__init__.py first seen with mtime 1624876620.0
File C:\Python\Lib\asyncio\tasks.py first seen with mtime 1624876618.0
File C:\Python\Lib\logging\__init__.py first seen with mtime 1624876618.0
File D:\working area\RestorentApp\myenv\Lib\site-packages\numpy\_core\_machar.py first seen with mtime 1723115005.1974847
File C:\Python\Lib\asyncio\futures.py first seen with mtime 1624876618.0
File D:\working area\RestorentApp\myenv\Lib\site-packages\cryptography\hazmat\bindings\openssl\_conditional.py first seen with mtime 1722323388.6343796
File D:\working area\RestorentApp\myenv\Lib\site-packages\pyasn1\__init__.py first seen with mtime 1722323371.193408
File D:\working area\RestorentApp\myenv\Lib\site-packages\numpy\_utils\__init__.py first seen with mtime 1723115005.3439271
File D:\working area\RestorentApp\myenv\Lib\site-packages\sqlparse\filters\reindent.py first seen with mtime 1720601484.437387
File D:\working area\RestorentApp\app\restorent\migrations\0021_alter_order_start_time_alter_payment_timing.py first seen with mtime 1722146047.2719235
File D:\working area\RestorentApp\myenv\Lib\site-packages\django\db\backends\base\schema.py first seen with mtime 1720601486.8760896
File C:\Python\Lib\unittest\__init__.py first seen with mtime 1624876620.0
File D:\working area\RestorentApp\myenv\Lib\site-packages\rest_framework\exceptions.py first seen with mtime 1722330458.8486528
File D:\working area\RestorentApp\myenv\Lib\site-packages\channels\exceptions.py first seen with mtime 1722323308.9198344
File D:\working area\RestorentApp\myenv\Lib\site-packages\django\contrib\__init__.py first seen with mtime 1720601485.2062635
File D:\working area\RestorentApp\myenv\Lib\site-packages\sqlparse\formatter.py first seen with mtime 1720601484.421743
File D:\working area\RestorentApp\myenv\Lib\site-packages\cryptography\hazmat\primitives\serialization\ssh.py first seen with mtime 1722323388.7083752
File D:\working area\RestorentApp\myenv\Lib\site-packages\numpy\_core\shape_base.py first seen with mtime 1723115005.1884863
File D:\working area\RestorentApp\myenv\Lib\site-packages\PIL\_deprecate.py first seen with mtime 1720870283.0279474
File D:\working area\RestorentApp\myenv\Lib\site-packages\django\contrib\auth\middleware.py first seen with mtime 1720601485.688593
File C:\Python\Lib\http\client.py first seen with mtime 1624876618.0
File D:\working area\RestorentApp\myenv\Lib\site-packages\rest_framework\utils\mediatypes.py first seen with mtime 1722330459.1016366
File C:\Python\Lib\urllib\__init__.py first seen with mtime 1624876620.0
File D:\working area\RestorentApp\myenv\Lib\site-packages\numpy\lib\_polynomial_impl.py first seen with mtime 1723115004.912562
File D:\working area\RestorentApp\myenv\Lib\site-packages\typing_extensions.py first seen with mtime 1720601484.015504
File C:\Python\Lib\socketserver.py first seen with mtime 1624876618.0
File D:\working area\RestorentApp\myenv\Lib\site-packages\django\contrib\admin\apps.py first seen with mtime 1720601485.2062635
File D:\working area\RestorentApp\myenv\Lib\site-packages\twisted\internet\threads.py first seen with mtime 1722323376.2474558
File D:\working area\RestorentApp\myenv\Lib\site-packages\django\contrib\auth\backends.py first seen with mtime 1720601485.688593
File D:\working area\RestorentApp\myenv\Lib\site-packages\numpy\_core\_multiarray_tests.cp39-win_amd64.pyd first seen with mtime 1723115005.20048
File D:\working area\RestorentApp\myenv\Lib\site-packages\twisted\web\http_headers.py first seen with mtime 1722323376.7614655
File C:\Python\Lib\_sitebuiltins.py first seen with mtime 1624876618.0
File D:\working area\RestorentApp\myenv\Lib\site-packages\django\contrib\admin\templatetags\log.py first seen with mtime 1720601485.547972
File D:\working area\RestorentApp\app\app\settings.py first seen with mtime 1725007339.5155644
File C:\Python\Lib\email\charset.py first seen with mtime 1624876618.0
File D:\working area\RestorentApp\myenv\Lib\site-packages\numpy\lib\_datasource.py first seen with mtime 1723115004.903562
File D:\working area\RestorentApp\myenv\Lib\site-packages\django\contrib\auth\validators.py first seen with mtime 1720601485.688593
File D:\working area\RestorentApp\myenv\Lib\site-packages\django\contrib\postgres\forms\hstore.py first seen with mtime 1720601486.3761072
File D:\working area\RestorentApp\myenv\Lib\site-packages\cryptography\hazmat\backends\__init__.py first seen with mtime 1722323388.6313782
File C:\Python\Lib\wsgiref\simple_server.py first seen with mtime 1624876620.0
File D:\working area\RestorentApp\myenv\Lib\site-packages\daphne\apps.py first seen with mtime 1722323392.806786
File D:\working area\RestorentApp\myenv\Lib\site-packages\urllib3\util\request.py first seen with mtime 1723088599.5383868
File D:\working area\RestorentApp\myenv\Lib\site-packages\django\contrib\admin\templatetags\__init__.py first seen with mtime 1720601485.547972
File D:\working area\RestorentApp\myenv\Lib\site-packages\numpy\linalg\__init__.py first seen with mtime 1723115004.964932
File D:\working area\RestorentApp\myenv\Lib\site-packages\django\shortcuts.py first seen with mtime 1720601484.9224072
File D:\working area\RestorentApp\myenv\Lib\site-packages\twisted\python\__init__.py first seen with mtime 1722323376.4965546
File D:\working area\RestorentApp\myenv\Lib\site-packages\django\db\migrations\operations\models.py first seen with mtime 1720601486.90734
File D:\working area\RestorentApp\myenv\Lib\site-packages\twisted\protocols\tls.py first seen with mtime 1722323376.4824688
File D:\working area\RestorentApp\myenv\Lib\site-packages\cryptography\x509\general_name.py first seen with mtime 1722323388.7253757
File C:\Python\Lib\ctypes\__init__.py first seen with mtime 1624876618.0
File C:\Python\Lib\lzma.py first seen with mtime 1624876618.0
File D:\working area\RestorentApp\myenv\Lib\site-packages\django\core\checks\async_checks.py first seen with mtime 1720601486.8292584
File D:\working area\RestorentApp\myenv\Lib\site-packages\django\utils\text.py first seen with mtime 1720601487.0636616
File D:\working area\RestorentApp\myenv\Lib\site-packages\twisted\python\filepath.py first seen with mtime 1722323376.5104592
File D:\working area\RestorentApp\myenv\Lib\site-packages\django\db\backends\base\validation.py first seen with mtime 1720601486.8760896
File D:\working area\RestorentApp\myenv\Lib\site-packages\pyasn1\type\base.py first seen with mtime 1722323371.2143419
File D:\working area\RestorentApp\myenv\Lib\site-packages\numpy\_core\_internal.py first seen with mtime 1723115005.1964796
File D:\working area\RestorentApp\myenv\Lib\site-packages\django\contrib\admin\actions.py first seen with mtime 1720601485.2062635
File D:\working area\RestorentApp\myenv\Lib\site-packages\pyasn1\type\opentype.py first seen with mtime 1722323371.2193139
File D:\working area\RestorentApp\myenv\Lib\site-packages\urllib3\__init__.py first seen with mtime 1723088599.5120761
File C:\Python\Lib\ast.py first seen with mtime 1624876618.0
File D:\working area\RestorentApp\myenv\Lib\site-packages\PIL\_util.py first seen with mtime 1720870283.074787
File D:\working area\RestorentApp\myenv\Lib\site-packages\numpy\version.py first seen with mtime 1723115004.707701
File C:\Python\Lib\tempfile.py first seen with mtime 1624876618.0
File D:\working area\RestorentApp\myenv\Lib\site-packages\numpy\lib\_iotools.py first seen with mtime 1723115004.9095647
File D:\working area\RestorentApp\myenv\Lib\site-packages\django\views\generic\detail.py first seen with mtime 1720601487.0792167
File D:\working area\RestorentApp\myenv\Lib\site-packages\rest_framework\schemas\__init__.py first seen with mtime 1722330458.9766362
File D:\working area\RestorentApp\myenv\Lib\site-packages\twisted\_threads\__init__.py first seen with mtime 1722323376.051462
File D:\working area\RestorentApp\myenv\Lib\site-packages\cryptography\hazmat\primitives\asymmetric\x448.py first seen with mtime 1722323388.681378
File D:\working area\RestorentApp\myenv\Lib\site-packages\pyasn1\compat\integer.py first seen with mtime 1722323371.2113247
File D:\working area\RestorentApp\myenv\Lib\site-packages\django\db\migrations\graph.py first seen with mtime 1720601486.90734
File D:\working area\RestorentApp\myenv\Lib\site-packages\django\core\files\storage\base.py first seen with mtime 1720601486.8292584
File D:\working area\RestorentApp\myenv\Lib\site-packages\twisted\_threads\_pool.py first seen with mtime 1722323376.0544584
File D:\working area\RestorentApp\myenv\Lib\site-packages\urllib3\util\url.py first seen with mtime 1723088599.544402
File D:\working area\RestorentApp\myenv\Lib\site-packages\pyasn1\type\useful.py first seen with mtime 1722323371.223319
File D:\working area\RestorentApp\myenv\Lib\site-packages\django\db\migrations\operations\fields.py first seen with mtime 1720601486.90734
File D:\working area\RestorentApp\myenv\Lib\site-packages\autobahn\wamp\protocol.py first seen with mtime 1722323389.8975863
File C:\Python\Lib\ipaddress.py first seen with mtime 1624876618.0
File D:\working area\RestorentApp\myenv\Lib\site-packages\twisted\internet\main.py first seen with mtime 1722323376.235455
File D:\working area\RestorentApp\myenv\Lib\site-packages\django\contrib\messages\middleware.py first seen with mtime 1720601486.3604796
File D:\working area\RestorentApp\myenv\Lib\site-packages\qrcode\image\pure.py first seen with mtime 1722691476.896233
File D:\working area\RestorentApp\myenv\Lib\site-packages\rest_framework\fields.py first seen with mtime 1722330458.849646
File C:\Python\Lib\inspect.py first seen with mtime 1624876618.0
File D:\working area\RestorentApp\myenv\Lib\site-packages\pyasn1\type\tagmap.py first seen with mtime 1722323371.2213173
File C:\Python\Lib\encodings\latin_1.py first seen with mtime 1624876618.0
File D:\working area\RestorentApp\myenv\Lib\site-packages\django\core\files\storage\handler.py first seen with mtime 1720601486.8448513
File D:\working area\RestorentApp\myenv\Lib\site-packages\django\db\backends\base\features.py first seen with mtime 1720601486.8760896
File D:\working area\RestorentApp\myenv\Lib\site-packages\colorama\initialise.py first seen with mtime 1722691476.567868
File D:\working area\RestorentApp\myenv\Lib\site-packages\numpy\lib\_npyio_impl.py first seen with mtime 1723115004.9115622
File D:\working area\RestorentApp\myenv\Lib\site-packages\twisted\logger\_json.py first seen with mtime 1722323376.3314662
File D:\working area\RestorentApp\myenv\Lib\site-packages\django\db\models\fields\related_descriptors.py first seen with mtime 1720601486.9229636
File D:\working area\RestorentApp\myenv\Lib\site-packages\django\db\models\fields\mixins.py first seen with mtime 1720601486.9229636
File D:\working area\RestorentApp\myenv\Lib\site-packages\twisted\logger\_stdlib.py first seen with mtime 1722323376.3354712
File D:\working area\RestorentApp\myenv\Lib\site-packages\numpy\lib\_nanfunctions_impl.py first seen with mtime 1723115004.9095647
File D:\working area\RestorentApp\myenv\Lib\site-packages\rest_framework\schemas\utils.py first seen with mtime 1722330458.980641
File D:\working area\RestorentApp\myenv\Lib\site-packages\twisted\_threads\_threadworker.py first seen with mtime 1722323376.0564654
File D:\working area\RestorentApp\myenv\Lib\site-packages\django\utils\formats.py first seen with mtime 1720601487.0636616
File C:\Python\DLLs\_ctypes.pyd first seen with mtime 1624876722.0
File D:\working area\RestorentApp\myenv\Lib\site-packages\idna\__init__.py first seen with mtime 1722323371.6543324
File D:\working area\RestorentApp\myenv\Lib\site-packages\idna\package_data.py first seen with mtime 1722323371.6593225
File D:\working area\RestorentApp\myenv\Lib\site-packages\pyasn1\type\univ.py first seen with mtime 1722323371.2224193
File D:\working area\RestorentApp\myenv\Lib\site-packages\cryptography\hazmat\primitives\asymmetric\rsa.py first seen with mtime 1722323388.6783724
File D:\working area\RestorentApp\myenv\Lib\site-packages\pyasn1\type\char.py first seen with mtime 1722323371.2154262
File D:\working area\RestorentApp\myenv\Lib\site-packages\sqlparse\filters\__init__.py first seen with mtime 1720601484.437387
File D:\working area\RestorentApp\myenv\Lib\site-packages\PIL\_imaging.cp39-win_amd64.pyd first seen with mtime 1720870283.043603
File D:\working area\RestorentApp\myenv\Lib\site-packages\django\core\management\commands\runserver.py first seen with mtime 1720601486.860573
File D:\working area\RestorentApp\myenv\Lib\site-packages\qrcode\image\base.py first seen with mtime 1722691476.895241
File D:\working area\RestorentApp\myenv\Lib\site-packages\attrs\converters.py first seen with mtime 1722323371.9260695
File D:\working area\RestorentApp\myenv\Lib\site-packages\django\db\models\functions\__init__.py first seen with mtime 1720601486.9229636
File D:\working area\RestorentApp\myenv\Lib\site-packages\twisted\python\compat.py first seen with mtime 1722323376.5034716
File C:\Python\Lib\urllib\request.py first seen with mtime 1624876620.0
File C:\Python\Lib\stat.py first seen with mtime 1624876618.0
File D:\working area\RestorentApp\myenv\Lib\site-packages\charset_normalizer\constant.py first seen with mtime 1723104598.813651
File D:\working area\RestorentApp\myenv\Lib\site-packages\rest_framework\validators.py first seen with mtime 1722330458.869647
File D:\working area\RestorentApp\myenv\Lib\site-packages\numpy\_utils\_inspect.py first seen with mtime 1723115005.3419416
File D:\working area\RestorentApp\myenv\Lib\site-packages\django\utils\http.py first seen with mtime 1720601487.0636616
File C:\Python\Lib\sysconfig.py first seen with mtime 1624876618.0
File D:\working area\RestorentApp\myenv\Lib\site-packages\pyasn1\type\error.py first seen with mtime 1722323371.2173226
File D:\working area\RestorentApp\myenv\Lib\site-packages\twisted\application\__init__.py first seen with mtime 1722323376.061463
File C:\Python\DLLs\_lzma.pyd first seen with mtime 1624876722.0
File D:\working area\RestorentApp\myenv\Lib\site-packages\cryptography\x509\verification.py first seen with mtime 1722323388.7293751
File D:\working area\RestorentApp\myenv\Lib\site-packages\charset_normalizer\utils.py first seen with mtime 1723104598.8206587
File D:\working area\RestorentApp\myenv\Lib\site-packages\django\db\__init__.py first seen with mtime 1720601486.8760896
File D:\working area\RestorentApp\myenv\Lib\site-packages\attrs\__init__.py first seen with mtime 1722323371.9250543
File D:\working area\RestorentApp\app\restorent\__init__.py first seen with mtime 1721627035.9999073
File C:\Python\Lib\calendar.py first seen with mtime 1624876618.0
File C:\Python\Lib\email\headerregistry.py first seen with mtime 1624876618.0
File D:\working area\RestorentApp\myenv\Lib\site-packages\twisted\__init__.py first seen with mtime 1722323376.0464804
File D:\working area\RestorentApp\myenv\Lib\site-packages\twisted\logger\_legacy.py first seen with mtime 1722323376.3314662
File D:\working area\RestorentApp\myenv\Lib\site-packages\qrcode\image\styles\moduledrawers\pil.py first seen with mtime 1722691476.9069033
File D:\working area\RestorentApp\myenv\Lib\site-packages\django\db\models\fields\proxy.py first seen with mtime 1720601486.9229636
File D:\working area\RestorentApp\myenv\Lib\site-packages\autobahn\wamp\message.py first seen with mtime 1722323389.8955886
File D:\working area\RestorentApp\myenv\Lib\site-packages\django\utils\_os.py first seen with mtime 1720601487.0480425
File D:\working area\RestorentApp\myenv\Lib\site-packages\django\utils\dates.py first seen with mtime 1720601487.0480425
File C:\Python\Lib\stringprep.py first seen with mtime 1624876618.0
File D:\working area\RestorentApp\myenv\Lib\site-packages\django\core\cache\backends\filebased.py first seen with mtime 1720601486.8136942
File D:\working area\RestorentApp\app\restorent\admin.py first seen with mtime 1721276593.900635
File C:\Python\Lib\asyncio\constants.py first seen with mtime 1624876618.0
File D:\working area\RestorentApp\myenv\Lib\site-packages\pyasn1\codec\ber\eoo.py first seen with mtime 1722323371.2013042
File C:\Python\DLLs\_zoneinfo.pyd first seen with mtime 1624876722.0
File D:\working area\RestorentApp\myenv\Lib\site-packages\django\contrib\staticfiles\checks.py first seen with mtime 1720601486.7979643
File D:\working area\RestorentApp\myenv\Lib\site-packages\django\core\paginator.py first seen with mtime 1720601486.8136942
File D:\working area\RestorentApp\myenv\Lib\site-packages\django\core\servers\__init__.py first seen with mtime 1720601486.860573
File D:\working area\RestorentApp\myenv\Lib\site-packages\django\contrib\auth\forms.py first seen with mtime 1720601485.688593
File D:\working area\RestorentApp\myenv\Lib\site-packages\numpy\lib\introspect.py first seen with mtime 1723115004.893567
File D:\working area\RestorentApp\myenv\Lib\site-packages\django\db\models\lookups.py first seen with mtime 1720601486.9229636
File D:\working area\RestorentApp\myenv\Lib\site-packages\django\db\models\indexes.py first seen with mtime 1720601486.9229636
File D:\working area\RestorentApp\app\app\__init__.py first seen with mtime 1720586497.8834965
File D:\working area\RestorentApp\myenv\Lib\site-packages\requests\structures.py first seen with mtime 1723104599.0357535
File D:\working area\RestorentApp\myenv\Lib\site-packages\numpy\__init__.py first seen with mtime 1723115004.7126856
File C:\Python\Lib\_weakrefset.py first seen with mtime 1624876618.0
File D:\working area\RestorentApp\myenv\Lib\site-packages\twisted\internet\defer.py first seen with mtime 1722323376.2234561
File D:\working area\RestorentApp\myenv\Lib\site-packages\cryptography\hazmat\decrepit\ciphers\__init__.py first seen with mtime 1722323388.66938
File D:\working area\RestorentApp\myenv\Lib\site-packages\rest_framework\metadata.py first seen with mtime 1722330458.8526375
File D:\working area\RestorentApp\myenv\Lib\site-packages\sqlparse\cli.py first seen with mtime 1720601484.421743
File C:\Python\Lib\asyncio\locks.py first seen with mtime 1624876618.0
File D:\working area\RestorentApp\myenv\Lib\site-packages\autobahn\websocket\util.py first seen with mtime 1722323389.9976017
File D:\working area\RestorentApp\myenv\Lib\site-packages\twisted\python\systemd.py first seen with mtime 1722323376.5274556
File D:\working area\RestorentApp\myenv\Lib\site-packages\cffi\model.py first seen with mtime 1722323375.4928303
File D:\working area\RestorentApp\myenv\Lib\site-packages\django\template\backends\django.py first seen with mtime 1720601487.032343
File D:\working area\RestorentApp\myenv\Lib\site-packages\twisted\_threads\_team.py first seen with mtime 1722323376.0554698
File D:\working area\RestorentApp\myenv\Lib\site-packages\twisted\python\threadpool.py first seen with mtime 1722323376.5304587
File D:\working area\RestorentApp\myenv\Lib\site-packages\autobahn\util.py first seen with mtime 1722323389.827273
File D:\working area\RestorentApp\myenv\Lib\site-packages\django\db\backends\postgresql\__init__.py first seen with mtime 1720601486.8918552
File C:\Python\Lib\urllib\parse.py first seen with mtime 1624876620.0
File D:\working area\RestorentApp\myenv\Lib\site-packages\django\core\mail\message.py first seen with mtime 1720601486.8448513
File C:\Python\Lib\email\quoprimime.py first seen with mtime 1624876618.0
File D:\working area\RestorentApp\myenv\Lib\site-packages\asgiref\__init__.py first seen with mtime 1720601484.797334
File C:\Python\Lib\asyncio\protocols.py first seen with mtime 1624876618.0
File C:\Python\Lib\email\mime\nonmultipart.py first seen with mtime 1624876618.0
File C:\Python\Lib\enum.py first seen with mtime 1624876618.0
File D:\working area\RestorentApp\myenv\Lib\site-packages\twisted\persisted\styles.py first seen with mtime 1722323376.4364548
File D:\working area\RestorentApp\myenv\Lib\site-packages\psycopg2\extras.py first seen with mtime 1724579880.1463394
File C:\Python\Lib\keyword.py first seen with mtime 1624876618.0
File D:\working area\RestorentApp\myenv\Lib\site-packages\django\core\checks\caches.py first seen with mtime 1720601486.8292584
File D:\working area\RestorentApp\myenv\Lib\site-packages\django\conf\urls\__init__.py first seen with mtime 1720601485.2062635
File D:\working area\RestorentApp\myenv\Lib\site-packages\django\core\checks\compatibility\django_4_0.py first seen with mtime 1720601486.8292584
File D:\working area\RestorentApp\myenv\Lib\site-packages\numpy\lib\_array_utils_impl.py first seen with mtime 1723115004.9025626
File C:\Python\Lib\quopri.py first seen with mtime 1624876618.0
File D:\working area\RestorentApp\myenv\Lib\site-packages\django\contrib\admin\templatetags\base.py first seen with mtime 1720601485.547972
File D:\working area\RestorentApp\myenv\Lib\site-packages\twisted\python\randbytes.py first seen with mtime 1722323376.5194762
File D:\working area\RestorentApp\myenv\Lib\site-packages\cryptography\hazmat\bindings\openssl\binding.py first seen with mtime 1722323388.6323905
File D:\working area\RestorentApp\myenv\Lib\site-packages\twisted\logger\_format.py first seen with mtime 1722323376.3274581
File D:\working area\RestorentApp\myenv\Lib\site-packages\twisted\logger\_filter.py first seen with mtime 1722323376.3254557
File D:\working area\RestorentApp\myenv\Lib\site-packages\cryptography\hazmat\primitives\_asymmetric.py first seen with mtime 1722323388.7133746
File D:\working area\RestorentApp\myenv\Lib\site-packages\numpy\lib\__init__.py first seen with mtime 1723115004.9299314
File C:\Python\Lib\sre_constants.py first seen with mtime 1624876618.0
File D:\working area\RestorentApp\myenv\Lib\site-packages\pyasn1\codec\der\__init__.py first seen with mtime 1722323371.205315
File D:\working area\RestorentApp\myenv\Lib\site-packages\twisted\application\service.py first seen with mtime 1722323376.064469
File C:\Python\Lib\asyncio\queues.py first seen with mtime 1624876618.0
File D:\working area\RestorentApp\myenv\Lib\site-packages\django\contrib\staticfiles\views.py first seen with mtime 1720601486.8136942
File D:\working area\RestorentApp\myenv\Lib\site-packages\twisted\python\lockfile.py first seen with mtime 1722323376.5134597
File D:\working area\RestorentApp\myenv\Lib\site-packages\_distutils_hack\__init__.py first seen with mtime 1722323364.228762
File D:\working area\RestorentApp\myenv\Lib\site-packages\django\apps\registry.py first seen with mtime 1720601484.9224072
File D:\working area\RestorentApp\myenv\Lib\site-packages\pyasn1\error.py first seen with mtime 1722323371.1953075
File D:\working area\RestorentApp\myenv\Lib\site-packages\numpy\_core\_multiarray_umath.cp39-win_amd64.pyd first seen with mtime 1723115005.2254853
File D:\working area\RestorentApp\myenv\Lib\site-packages\django\utils\cache.py first seen with mtime 1720601487.0480425
File D:\working area\RestorentApp\myenv\Lib\site-packages\charset_normalizer\legacy.py first seen with mtime 1723104598.8146513
File D:\working area\RestorentApp\myenv\Lib\site-packages\django\utils\timezone.py first seen with mtime 1720601487.0636616
File D:\working area\RestorentApp\myenv\Lib\site-packages\django\core\files\storage\filesystem.py first seen with mtime 1720601486.8292584
File D:\working area\RestorentApp\myenv\Lib\site-packages\django\db\models\fields\files.py first seen with mtime 1720601486.9229636
File D:\working area\RestorentApp\myenv\Lib\site-packages\django\urls\resolvers.py first seen with mtime 1720601487.0480425
File D:\working area\RestorentApp\myenv\Lib\site-packages\django\db\models\fields\json.py first seen with mtime 1720601486.9229636
File C:\Python\Lib\email\message.py first seen with mtime 1624876618.0
File D:\working area\RestorentApp\myenv\Lib\site-packages\rest_framework\relations.py first seen with mtime 1722330458.8576434
File D:\working area\RestorentApp\myenv\Lib\site-packages\django\forms\__init__.py first seen with mtime 1720601486.938656
File C:\Python\Lib\urllib\error.py first seen with mtime 1624876620.0
File D:\working area\RestorentApp\myenv\Lib\site-packages\django\db\models\__init__.py first seen with mtime 1720601486.90734
File D:\working area\RestorentApp\myenv\Lib\site-packages\urllib3\exceptions.py first seen with mtime 1723088599.5203085
File D:\working area\RestorentApp\app\restorent\migrations\__init__.py first seen with mtime 1720586603.1253443
File D:\working area\RestorentApp\app\app\urls.py first seen with mtime 1723964708.263056
File C:\Python\Lib\asyncio\sslproto.py first seen with mtime 1624876618.0
File D:\working area\RestorentApp\myenv\Lib\site-packages\autobahn\exception.py first seen with mtime 1722323389.8242743
File D:\working area\RestorentApp\myenv\Lib\site-packages\zope\interface\_compat.py first seen with mtime 1722323372.1624908
File D:\working area\RestorentApp\myenv\Lib\site-packages\numpy\_core\_dtype_ctypes.py first seen with mtime 1723115005.1954892
File D:\working area\RestorentApp\myenv\Lib\site-packages\twisted\persisted\sob.py first seen with mtime 1722323376.4354565
File D:\working area\RestorentApp\myenv\Lib\site-packages\django\test\signals.py first seen with mtime 1720601487.0480425
File C:\Python\Lib\os.py first seen with mtime 1624876618.0
File D:\working area\RestorentApp\myenv\Lib\site-packages\twisted\internet\abstract.py first seen with mtime 1722323376.216456
File D:\working area\RestorentApp\myenv\Lib\site-packages\django\forms\formsets.py first seen with mtime 1720601486.938656
File D:\working area\RestorentApp\myenv\Lib\site-packages\cryptography\hazmat\primitives\asymmetric\__init__.py first seen with mtime 1722323388.682374
File D:\working area\RestorentApp\myenv\Lib\site-packages\requests\cookies.py first seen with mtime 1723104599.0307503
File C:\Python\Lib\sre_compile.py first seen with mtime 1624876618.0
File C:\Python\Lib\asyncio\selector_events.py first seen with mtime 1624876618.0
File D:\working area\RestorentApp\myenv\Lib\site-packages\django\utils\encoding.py first seen with mtime 1720601487.0636616
File D:\working area\RestorentApp\myenv\Lib\site-packages\django\contrib\staticfiles\handlers.py first seen with mtime 1720601486.7979643
File C:\Python\Lib\asyncio\coroutines.py first seen with mtime 1624876618.0
File D:\working area\RestorentApp\myenv\Lib\site-packages\cryptography\hazmat\primitives\asymmetric\ec.py first seen with mtime 1722323388.6743724
File D:\working area\RestorentApp\myenv\Lib\site-packages\asgiref\sync.py first seen with mtime 1720601484.797334
File D:\working area\RestorentApp\myenv\Lib\site-packages\attr\_compat.py first seen with mtime 1722323371.9080698
File D:\working area\RestorentApp\myenv\Lib\site-packages\django\http\cookie.py first seen with mtime 1720601487.0011394
File D:\working area\RestorentApp\myenv\Lib\site-packages\twisted\logger\_capture.py first seen with mtime 1722323376.324458
File D:\working area\RestorentApp\myenv\Lib\site-packages\django\forms\utils.py first seen with mtime 1720601486.938656
File D:\working area\RestorentApp\myenv\Lib\site-packages\incremental\_version.py first seen with mtime 1722323375.0865915
File C:\Python\Lib\datetime.py first seen with mtime 1624876618.0
File D:\working area\RestorentApp\myenv\Lib\site-packages\django\core\serializers\python.py first seen with mtime 1720601486.860573
File C:\Python\Lib\collections\__init__.py first seen with mtime 1624876618.0
File D:\working area\RestorentApp\myenv\Lib\site-packages\django\contrib\postgres\fields\ranges.py first seen with mtime 1720601486.3761072
File D:\working area\RestorentApp\myenv\Lib\site-packages\twisted\python\versions.py first seen with mtime 1722323376.5364795
File C:\Python\Lib\asyncio\base_tasks.py first seen with mtime 1624876618.0
File D:\working area\RestorentApp\myenv\Lib\site-packages\django\db\models\utils.py first seen with mtime 1720601486.9229636
File D:\working area\RestorentApp\myenv\Lib\site-packages\urllib3\util\connection.py first seen with mtime 1723088599.5368693
File D:\working area\RestorentApp\myenv\Lib\site-packages\django\core\servers\basehttp.py first seen with mtime 1720601486.8760896
File D:\working area\RestorentApp\myenv\Lib\site-packages\cryptography\hazmat\primitives\ciphers\__init__.py first seen with mtime 1722323388.6883757
File D:\working area\RestorentApp\myenv\Lib\site-packages\PIL\Image.py first seen with mtime 1720870282.9341326
File D:\working area\RestorentApp\myenv\Lib\site-packages\twisted\logger\_logger.py first seen with mtime 1722323376.3344584
File D:\working area\RestorentApp\myenv\Lib\site-packages\zope\interface\__init__.py first seen with mtime 1722323372.1615164
File D:\working area\RestorentApp\myenv\Lib\site-packages\twisted\web\http.py first seen with mtime 1722323376.7604594
File D:\working area\RestorentApp\myenv\Lib\site-packages\django\test\__init__.py first seen with mtime 1720601487.032343
File D:\working area\RestorentApp\myenv\Lib\site-packages\django\db\migrations\loader.py first seen with mtime 1720601486.90734
File C:\Python\DLLs\_socket.pyd first seen with mtime 1624876722.0
File D:\working area\RestorentApp\myenv\Lib\site-packages\django\views\decorators\cache.py first seen with mtime 1720601487.0792167
File D:\working area\RestorentApp\myenv\Lib\site-packages\django\views\decorators\__init__.py first seen with mtime 1720601487.0792167
File D:\working area\RestorentApp\myenv\Lib\site-packages\django\contrib\contenttypes\__init__.py first seen with mtime 1720601485.8135905
File D:\working area\RestorentApp\myenv\Lib\site-packages\django\utils\lorem_ipsum.py first seen with mtime 1720601487.0636616
File D:\working area\RestorentApp\myenv\Lib\site-packages\charset_normalizer\md__mypyc.cp39-win_amd64.pyd first seen with mtime 1723104598.8176541
File D:\working area\RestorentApp\myenv\Lib\site-packages\cryptography\hazmat\primitives\asymmetric\utils.py first seen with mtime 1722323388.6793723
File D:\working area\RestorentApp\myenv\Lib\site-packages\cffi\lock.py first seen with mtime 1722323375.4918337
File D:\working area\RestorentApp\myenv\Lib\site-packages\django\template\engine.py first seen with mtime 1720601487.0167196
File D:\working area\RestorentApp\myenv\Lib\site-packages\django\contrib\auth\checks.py first seen with mtime 1720601485.688593
File D:\working area\RestorentApp\myenv\Lib\site-packages\twisted\internet\ssl.py first seen with mtime 1722323376.2434578
File D:\working area\RestorentApp\myenv\Lib\site-packages\rest_framework\utils\urls.py first seen with mtime 1722330459.1066375
File D:\working area\RestorentApp\myenv\Lib\site-packages\django\contrib\contenttypes\admin.py first seen with mtime 1720601485.8135905
File D:\working area\RestorentApp\myenv\Lib\site-packages\zope\interface\interfaces.py first seen with mtime 1722323372.1734934
File D:\working area\RestorentApp\myenv\Lib\site-packages\twisted\cred\error.py first seen with mtime 1722323376.1864626
File D:\working area\RestorentApp\myenv\Lib\site-packages\twisted\python\context.py first seen with mtime 1722323376.5054598
File D:\working area\RestorentApp\myenv\Lib\site-packages\numpy\lib\scimath.py first seen with mtime 1723115004.8965628
File D:\working area\RestorentApp\myenv\Lib\site-packages\qrcode\compat\__init__.py first seen with mtime 1722691476.89193
File D:\working area\RestorentApp\myenv\Lib\site-packages\numpy\_typing\__init__.py first seen with mtime 1723115005.340922
File D:\working area\RestorentApp\myenv\Lib\site-packages\django\contrib\messages\storage\__init__.py first seen with mtime 1720601486.3604796
File C:\Python\Lib\encodings\charmap.py first seen with mtime 1624876618.0
File D:\working area\RestorentApp\myenv\Lib\site-packages\django\middleware\security.py first seen with mtime 1720601487.0167196
File C:\Python\Lib\platform.py first seen with mtime 1624876618.0
File D:\working area\RestorentApp\myenv\Lib\site-packages\autobahn\_version.py first seen with mtime 1722323389.8232892
File D:\working area\RestorentApp\myenv\Lib\site-packages\attr\__init__.py first seen with mtime 1722323371.904145
File D:\working area\RestorentApp\myenv\Lib\site-packages\urllib3\util\retry.py first seen with mtime 1723088599.5404027
File D:\working area\RestorentApp\myenv\Lib\site-packages\django\templatetags\i18n.py first seen with mtime 1720601487.032343
File D:\working area\RestorentApp\myenv\Lib\site-packages\numpy\lib\npyio.py first seen with mtime 1723115004.8945694
File D:\working area\RestorentApp\myenv\Lib\site-packages\numpy\_core\__init__.py first seen with mtime 1723115005.2464862
File D:\working area\RestorentApp\myenv\Lib\site-packages\urllib3\fields.py first seen with mtime 1723088599.5213003
File D:\working area\RestorentApp\myenv\Lib\site-packages\django\db\models\sql\where.py first seen with mtime 1720601486.938656
File D:\working area\RestorentApp\myenv\Lib\site-packages\attrs\exceptions.py first seen with mtime 1722323371.92706
File D:\working area\RestorentApp\myenv\Lib\site-packages\django\middleware\csrf.py first seen with mtime 1720601487.0167196
File D:\working area\RestorentApp\myenv\Lib\site-packages\django\contrib\admin\options.py first seen with mtime 1720601485.2198265
File D:\working area\RestorentApp\myenv\Lib\site-packages\django\db\backends\postgresql\base.py first seen with mtime 1720601486.8918552
File C:\Python\Lib\decimal.py first seen with mtime 1624876618.0
File D:\working area\RestorentApp\myenv\Lib\site-packages\charset_normalizer\models.py first seen with mtime 1723104598.8186507
File C:\Python\Lib\__future__.py first seen with mtime 1624876618.0
File D:\working area\RestorentApp\myenv\Lib\site-packages\django\core\handlers\exception.py first seen with mtime 1720601486.8448513
File D:\working area\RestorentApp\myenv\Lib\site-packages\autobahn\twisted\rawsocket.py first seen with mtime 1722323389.8632638
File D:\working area\RestorentApp\myenv\Lib\site-packages\django\test\utils.py first seen with mtime 1720601487.0480425
File D:\working area\RestorentApp\myenv\Lib\site-packages\rest_framework\utils\field_mapping.py first seen with mtime 1722330459.0976515
File C:\Python\Lib\importlib\__init__.py first seen with mtime 1624876618.0
File D:\working area\RestorentApp\myenv\Lib\site-packages\cryptography\hazmat\primitives\asymmetric\padding.py first seen with mtime 1722323388.6763833
File D:\working area\RestorentApp\myenv\Lib\site-packages\django\core\cache\backends\base.py first seen with mtime 1720601486.8136942
File D:\working area\RestorentApp\myenv\Lib\site-packages\attr\filters.py first seen with mtime 1722323371.9200487
File D:\working area\RestorentApp\myenv\Lib\site-packages\django\templatetags\static.py first seen with mtime 1720601487.032343
File D:\working area\RestorentApp\myenv\Lib\site-packages\django\contrib\admin\views\autocomplete.py first seen with mtime 1720601485.547972
File D:\working area\RestorentApp\myenv\Lib\site-packages\twisted\internet\_idna.py first seen with mtime 1722323376.2044604
File D:\working area\RestorentApp\myenv\Lib\site-packages\django\utils\termcolors.py first seen with mtime 1720601487.0636616
File D:\working area\RestorentApp\myenv\Lib\site-packages\django\db\migrations\operations\special.py first seen with mtime 1720601486.90734
File D:\working area\RestorentApp\myenv\Lib\site-packages\django\contrib\admin\templatetags\admin_list.py first seen with mtime 1720601485.547972
File C:\Python\Lib\asyncio\proactor_events.py first seen with mtime 1624876618.0
File D:\working area\RestorentApp\myenv\Lib\site-packages\rest_framework\compat.py first seen with mtime 1722330458.8456516
File D:\working area\RestorentApp\myenv\Lib\site-packages\twisted\internet\endpoints.py first seen with mtime 1722323376.2254558
File D:\working area\RestorentApp\myenv\Lib\site-packages\django\db\models\fields\reverse_related.py first seen with mtime 1720601486.9229636
File D:\working area\RestorentApp\myenv\Lib\site-packages\numpy\exceptions.py first seen with mtime 1723115004.705689
File C:\Python\Lib\unittest\suite.py first seen with mtime 1624876620.0
File D:\working area\RestorentApp\myenv\Lib\site-packages\urllib3\util\ssl_.py first seen with mtime 1723088599.5414317
File D:\working area\RestorentApp\myenv\Lib\site-packages\twisted\python\runtime.py first seen with mtime 1722323376.5244584
File D:\working area\RestorentApp\myenv\Lib\site-packages\django\template\response.py first seen with mtime 1720601487.032343
File C:\Python\DLLs\select.pyd first seen with mtime 1624876722.0
File D:\working area\RestorentApp\myenv\Lib\site-packages\twisted\python\win32.py first seen with mtime 1722323376.5374594
File D:\working area\RestorentApp\myenv\Lib\site-packages\django\contrib\auth\views.py first seen with mtime 1720601485.688593
File D:\working area\RestorentApp\myenv\Lib\site-packages\constantly\_constants.py first seen with mtime 1722323371.8127835
File C:\Python\Lib\string.py first seen with mtime 1624876618.0
File D:\working area\RestorentApp\myenv\Lib\site-packages\rest_framework\schemas\openapi.py first seen with mtime 1722330458.9796457
File D:\working area\RestorentApp\myenv\Lib\site-packages\urllib3\_collections.py first seen with mtime 1723088599.5150924
File D:\working area\RestorentApp\myenv\Lib\site-packages\sqlparse\lexer.py first seen with mtime 1720601484.421743
File D:\working area\RestorentApp\myenv\lib\site-packages\rest_framework\templates\rest_framework first seen with mtime 1724233865.1198103
Daphne running, listening on 127.0.0.1:8000
File D:\working area\RestorentApp\myenv\lib\site-packages\rest_framework\templates\rest_framework\admin first seen with mtime 1724233864.9415748
File D:\working area\RestorentApp\myenv\lib\site-packages\rest_framework\templates\rest_framework\admin.html first seen with mtime 1722330459.0337088
File D:\working area\RestorentApp\myenv\lib\site-packages\rest_framework\templates\rest_framework\api.html first seen with mtime 1722330459.0337088
File D:\working area\RestorentApp\myenv\lib\site-packages\rest_framework\templates\rest_framework\base.html first seen with mtime 1722330459.0346446
File D:\working area\RestorentApp\myenv\lib\site-packages\rest_framework\templates\rest_framework\docs first seen with mtime 1724233864.9848585
File D:\working area\RestorentApp\myenv\lib\site-packages\rest_framework\templates\rest_framework\filters first seen with mtime 1724233865.0146294
File D:\working area\RestorentApp\myenv\lib\site-packages\rest_framework\templates\rest_framework\horizontal first seen with mtime 1724233865.057705
File D:\working area\RestorentApp\myenv\lib\site-packages\rest_framework\templates\rest_framework\inline first seen with mtime 1724233865.1017063
File D:\working area\RestorentApp\myenv\lib\site-packages\rest_framework\templates\rest_framework\login.html first seen with mtime 1722330459.0356362
File D:\working area\RestorentApp\myenv\lib\site-packages\rest_framework\templates\rest_framework\login_base.html first seen with mtime 1722330459.0366573
File D:\working area\RestorentApp\myenv\lib\site-packages\rest_framework\templates\rest_framework\pagination first seen with mtime 1724233865.114756
File D:\working area\RestorentApp\myenv\lib\site-packages\rest_framework\templates\rest_framework\raw_data_form.html first seen with mtime 1722330459.037644
File D:\working area\RestorentApp\myenv\lib\site-packages\rest_framework\templates\rest_framework\schema.js first seen with mtime 1722330459.038644
File D:\working area\RestorentApp\myenv\lib\site-packages\rest_framework\templates\rest_framework\vertical first seen with mtime 1724233865.1523886
File D:\working area\RestorentApp\myenv\lib\site-packages\rest_framework\templates\rest_framework\admin\detail.html first seen with mtime 1722330459.040646
File D:\working area\RestorentApp\myenv\lib\site-packages\rest_framework\templates\rest_framework\admin\dict_value.html first seen with mtime 1722330459.040646
File D:\working area\RestorentApp\myenv\lib\site-packages\rest_framework\templates\rest_framework\admin\list.html first seen with mtime 1722330459.0416389
File D:\working area\RestorentApp\myenv\lib\site-packages\rest_framework\templates\rest_framework\admin\list_value.html first seen with mtime 1722330459.0426447
File D:\working area\RestorentApp\myenv\lib\site-packages\rest_framework\templates\rest_framework\admin\simple_list_value.html first seen with mtime 1722330459.0436418
File D:\working area\RestorentApp\myenv\lib\site-packages\rest_framework\templates\rest_framework\docs\auth first seen with mtime 1724233864.979689
File D:\working area\RestorentApp\myenv\lib\site-packages\rest_framework\templates\rest_framework\docs\document.html first seen with mtime 1722330459.0446534
File D:\working area\RestorentApp\myenv\lib\site-packages\rest_framework\templates\rest_framework\docs\error.html first seen with mtime 1722330459.0446534
File D:\working area\RestorentApp\myenv\lib\site-packages\rest_framework\templates\rest_framework\docs\index.html first seen with mtime 1722330459.045645
File D:\working area\RestorentApp\myenv\lib\site-packages\rest_framework\templates\rest_framework\docs\interact.html first seen with mtime 1722330459.0466375
File D:\working area\RestorentApp\myenv\lib\site-packages\rest_framework\templates\rest_framework\docs\langs first seen with mtime 1724233865.0007033
File D:\working area\RestorentApp\myenv\lib\site-packages\rest_framework\templates\rest_framework\docs\link.html first seen with mtime 1722330459.047643
File D:\working area\RestorentApp\myenv\lib\site-packages\rest_framework\templates\rest_framework\docs\sidebar.html first seen with mtime 1722330459.047643
File D:\working area\RestorentApp\myenv\lib\site-packages\rest_framework\templates\rest_framework\docs\auth\basic.html first seen with mtime 1722330459.0496385
File D:\working area\RestorentApp\myenv\lib\site-packages\rest_framework\templates\rest_framework\docs\auth\session.html first seen with mtime 1722330459.0496385
File D:\working area\RestorentApp\myenv\lib\site-packages\rest_framework\templates\rest_framework\docs\auth\token.html first seen with mtime 1722330459.050651
File D:\working area\RestorentApp\myenv\lib\site-packages\rest_framework\templates\rest_framework\docs\langs\javascript-intro.html first seen with mtime 1722330459.0516558
File D:\working area\RestorentApp\myenv\lib\site-packages\rest_framework\templates\rest_framework\docs\langs\javascript.html first seen with mtime 1722330459.0526435
File D:\working area\RestorentApp\myenv\lib\site-packages\rest_framework\templates\rest_framework\docs\langs\python-intro.html first seen with mtime 1722330459.0536368
File D:\working area\RestorentApp\myenv\lib\site-packages\rest_framework\templates\rest_framework\docs\langs\python.html first seen with mtime 1722330459.0546393
File D:\working area\RestorentApp\myenv\lib\site-packages\rest_framework\templates\rest_framework\docs\langs\shell-intro.html first seen with mtime 1722330459.0546393
File D:\working area\RestorentApp\myenv\lib\site-packages\rest_framework\templates\rest_framework\docs\langs\shell.html first seen with mtime 1722330459.055643
File D:\working area\RestorentApp\myenv\lib\site-packages\rest_framework\templates\rest_framework\filters\base.html first seen with mtime 1722330459.0566404
File D:\working area\RestorentApp\myenv\lib\site-packages\rest_framework\templates\rest_framework\filters\ordering.html first seen with mtime 1722330459.0576675
File D:\working area\RestorentApp\myenv\lib\site-packages\rest_framework\templates\rest_framework\filters\search.html first seen with mtime 1722330459.0586364
File D:\working area\RestorentApp\myenv\lib\site-packages\rest_framework\templates\rest_framework\horizontal\checkbox.html first seen with mtime 1722330459.0596375
File D:\working area\RestorentApp\myenv\lib\site-packages\rest_framework\templates\rest_framework\horizontal\checkbox_multiple.html first seen with mtime 1722330459.0606415
File D:\working area\RestorentApp\myenv\lib\site-packages\rest_framework\templates\rest_framework\horizontal\dict_field.html first seen with mtime 1722330459.0606415
File D:\working area\RestorentApp\myenv\lib\site-packages\rest_framework\templates\rest_framework\horizontal\fieldset.html first seen with mtime 1722330459.0616374
File D:\working area\RestorentApp\myenv\lib\site-packages\rest_framework\templates\rest_framework\horizontal\form.html first seen with mtime 1722330459.0626433
File D:\working area\RestorentApp\myenv\lib\site-packages\rest_framework\templates\rest_framework\horizontal\input.html first seen with mtime 1722330459.0636377
File D:\working area\RestorentApp\myenv\lib\site-packages\rest_framework\templates\rest_framework\horizontal\list_field.html first seen with mtime 1722330459.0646932
File D:\working area\RestorentApp\myenv\lib\site-packages\rest_framework\templates\rest_framework\horizontal\list_fieldset.html first seen with mtime 1722330459.0646932
File D:\working area\RestorentApp\myenv\lib\site-packages\rest_framework\templates\rest_framework\horizontal\radio.html first seen with mtime 1722330459.0666423
File D:\working area\RestorentApp\myenv\lib\site-packages\rest_framework\templates\rest_framework\horizontal\select.html first seen with mtime 1722330459.0666423
File D:\working area\RestorentApp\myenv\lib\site-packages\rest_framework\templates\rest_framework\horizontal\select_multiple.html first seen with mtime 1722330459.0676382
File D:\working area\RestorentApp\myenv\lib\site-packages\rest_framework\templates\rest_framework\horizontal\textarea.html first seen with mtime 1722330459.0686524
File D:\working area\RestorentApp\myenv\lib\site-packages\rest_framework\templates\rest_framework\inline\checkbox.html first seen with mtime 1722330459.0706635
File D:\working area\RestorentApp\myenv\lib\site-packages\rest_framework\templates\rest_framework\inline\checkbox_multiple.html first seen with mtime 1722330459.0706635
File D:\working area\RestorentApp\myenv\lib\site-packages\rest_framework\templates\rest_framework\inline\dict_field.html first seen with mtime 1722330459.0716486
File D:\working area\RestorentApp\myenv\lib\site-packages\rest_framework\templates\rest_framework\inline\fieldset.html first seen with mtime 1722330459.0726693
File D:\working area\RestorentApp\myenv\lib\site-packages\rest_framework\templates\rest_framework\inline\form.html first seen with mtime 1722330459.0726693
File D:\working area\RestorentApp\myenv\lib\site-packages\rest_framework\templates\rest_framework\inline\input.html first seen with mtime 1722330459.0736415
File D:\working area\RestorentApp\myenv\lib\site-packages\rest_framework\templates\rest_framework\inline\list_field.html first seen with mtime 1722330459.0746467
File D:\working area\RestorentApp\myenv\lib\site-packages\rest_framework\templates\rest_framework\inline\list_fieldset.html first seen with mtime 1722330459.0756934
File D:\working area\RestorentApp\myenv\lib\site-packages\rest_framework\templates\rest_framework\inline\radio.html first seen with mtime 1722330459.076641
File D:\working area\RestorentApp\myenv\lib\site-packages\rest_framework\templates\rest_framework\inline\select.html first seen with mtime 1722330459.076641
File D:\working area\RestorentApp\myenv\lib\site-packages\rest_framework\templates\rest_framework\inline\select_multiple.html first seen with mtime 1722330459.0776515
File D:\working area\RestorentApp\myenv\lib\site-packages\rest_framework\templates\rest_framework\inline\textarea.html first seen with mtime 1722330459.0786483
File D:\working area\RestorentApp\myenv\lib\site-packages\rest_framework\templates\rest_framework\pagination\numbers.html first seen with mtime 1722330459.0796547
File D:\working area\RestorentApp\myenv\lib\site-packages\rest_framework\templates\rest_framework\pagination\previous_and_next.html first seen with mtime 1722330459.080696
File D:\working area\RestorentApp\myenv\lib\site-packages\rest_framework\templates\rest_framework\vertical\checkbox.html first seen with mtime 1722330459.081642
File D:\working area\RestorentApp\myenv\lib\site-packages\rest_framework\templates\rest_framework\vertical\checkbox_multiple.html first seen with mtime 1722330459.0826755
File D:\working area\RestorentApp\myenv\lib\site-packages\rest_framework\templates\rest_framework\vertical\dict_field.html first seen with mtime 1722330459.0836468
File D:\working area\RestorentApp\myenv\lib\site-packages\rest_framework\templates\rest_framework\vertical\fieldset.html first seen with mtime 1722330459.0846426
File D:\working area\RestorentApp\myenv\lib\site-packages\rest_framework\templates\rest_framework\vertical\form.html first seen with mtime 1722330459.0846426
File D:\working area\RestorentApp\myenv\lib\site-packages\rest_framework\templates\rest_framework\vertical\input.html first seen with mtime 1722330459.0866387
File D:\working area\RestorentApp\myenv\lib\site-packages\rest_framework\templates\rest_framework\vertical\list_field.html first seen with mtime 1722330459.087643
File D:\working area\RestorentApp\myenv\lib\site-packages\rest_framework\templates\rest_framework\vertical\list_fieldset.html first seen with mtime 1722330459.0886486
File D:\working area\RestorentApp\myenv\lib\site-packages\rest_framework\templates\rest_framework\vertical\radio.html first seen with mtime 1722330459.089636
File D:\working area\RestorentApp\myenv\lib\site-packages\rest_framework\templates\rest_framework\vertical\select.html first seen with mtime 1722330459.0906618
File D:\working area\RestorentApp\myenv\lib\site-packages\rest_framework\templates\rest_framework\vertical\select_multiple.html first seen with mtime 1722330459.0906618
File D:\working area\RestorentApp\myenv\lib\site-packages\rest_framework\templates\rest_framework\vertical\textarea.html first seen with mtime 1722330459.0926368
File D:\working area\RestorentApp\app\restorent\templates\restorent first seen with mtime 1724649439.5928166
File D:\working area\RestorentApp\app\restorent\templates\restorent\add_menue.html first seen with mtime 1725001394.7809246
File D:\working area\RestorentApp\app\restorent\templates\restorent\add_sitting_area.html first seen with mtime 1725001390.898878
File D:\working area\RestorentApp\app\restorent\templates\restorent\add_tax.html first seen with mtime 1724500632.5211592
File D:\working area\RestorentApp\app\restorent\templates\restorent\all_payments.html first seen with mtime 1725001385.703715
File D:\working area\RestorentApp\app\restorent\templates\restorent\base.html first seen with mtime 1725010711.0215917
File D:\working area\RestorentApp\app\restorent\templates\restorent\bill.html first seen with mtime 1724562766.5289135
File D:\working area\RestorentApp\app\restorent\templates\restorent\cart.html first seen with mtime 1725001381.293483
File D:\working area\RestorentApp\app\restorent\templates\restorent\components first seen with mtime 1724497818.1921177
File D:\working area\RestorentApp\app\restorent\templates\restorent\dashboard.html first seen with mtime 1725001378.1566775
File D:\working area\RestorentApp\app\restorent\templates\restorent\delivery_cart.html first seen with mtime 1725001372.1016953
File D:\working area\RestorentApp\app\restorent\templates\restorent\fudu.html first seen with mtime 1724559328.126364
File D:\working area\RestorentApp\app\restorent\templates\restorent\home_delivery.html first seen with mtime 1725001368.2210639
File D:\working area\RestorentApp\app\restorent\templates\restorent\kot.html first seen with mtime 1724562728.7502122
File D:\working area\RestorentApp\app\restorent\templates\restorent\login.html first seen with mtime 1725001362.8055253
File D:\working area\RestorentApp\app\restorent\templates\restorent\orderHistory.html first seen with mtime 1724672013.2714825
File D:\working area\RestorentApp\app\restorent\templates\restorent\order_profile.html first seen with mtime 1725001358.5649607
File D:\working area\RestorentApp\app\restorent\templates\restorent\payment.html first seen with mtime 1725001342.4869187
File D:\working area\RestorentApp\app\restorent\templates\restorent\payment_added_successfully.html first seen with mtime 1725001236.1655657
File D:\working area\RestorentApp\app\restorent\templates\restorent\qr_template.html first seen with mtime 1725001323.9660158
File D:\working area\RestorentApp\app\restorent\templates\restorent\restorent_detail.html first seen with mtime 1725001319.9587615
File D:\working area\RestorentApp\app\restorent\templates\restorent\settings.html first seen with mtime 1725001270.7095091
File D:\working area\RestorentApp\app\restorent\templates\restorent\show_menue.html first seen with mtime 1725001315.395964
File D:\working area\RestorentApp\app\restorent\templates\restorent\show_table_status.html first seen with mtime 1725001312.8436184
File D:\working area\RestorentApp\app\restorent\templates\restorent\sign_up.html first seen with mtime 1725001309.9738863
File D:\working area\RestorentApp\app\restorent\templates\restorent\tableView.html first seen with mtime 1725001307.0986493
File D:\working area\RestorentApp\app\restorent\templates\restorent\components\form.html first seen with mtime 1725001402.8732681
File D:\working area\RestorentApp\app\restorent\templates\restorent\components\header.html first seen with mtime 1725001398.7752116
File D:\working area\RestorentApp\myenv\lib\site-packages\rest_framework\locale\ach\LC_MESSAGES\django.mo first seen with mtime 1722330458.8846881
File D:\working area\RestorentApp\myenv\lib\site-packages\rest_framework\locale\ar\LC_MESSAGES\django.mo first seen with mtime 1722330458.8866446
File D:\working area\RestorentApp\myenv\lib\site-packages\rest_framework\locale\az\LC_MESSAGES\django.mo first seen with mtime 1722330458.8876395
File D:\working area\RestorentApp\myenv\lib\site-packages\rest_framework\locale\be\LC_MESSAGES\django.mo first seen with mtime 1722330458.8896472
File D:\working area\RestorentApp\myenv\lib\site-packages\rest_framework\locale\bg\LC_MESSAGES\django.mo first seen with mtime 1722330458.890639
File D:\working area\RestorentApp\myenv\lib\site-packages\rest_framework\locale\ca\LC_MESSAGES\django.mo first seen with mtime 1722330458.891652
File D:\working area\RestorentApp\myenv\lib\site-packages\rest_framework\locale\ca_ES\LC_MESSAGES\django.mo first seen with mtime 1722330458.8936431
File D:\working area\RestorentApp\myenv\lib\site-packages\rest_framework\locale\cs\LC_MESSAGES\django.mo first seen with mtime 1722330458.8956432
File D:\working area\RestorentApp\myenv\lib\site-packages\rest_framework\locale\da\LC_MESSAGES\django.mo first seen with mtime 1722330458.8966389
File D:\working area\RestorentApp\myenv\lib\site-packages\rest_framework\locale\de\LC_MESSAGES\django.mo first seen with mtime 1722330458.8976402
File D:\working area\RestorentApp\myenv\lib\site-packages\rest_framework\locale\el\LC_MESSAGES\django.mo first seen with mtime 1722330458.8996534
File D:\working area\RestorentApp\myenv\lib\site-packages\rest_framework\locale\el_GR\LC_MESSAGES\django.mo first seen with mtime 1722330458.9007225
File D:\working area\RestorentApp\myenv\lib\site-packages\rest_framework\locale\en\LC_MESSAGES\django.mo first seen with mtime 1722330458.9026427
File D:\working area\RestorentApp\myenv\lib\site-packages\rest_framework\locale\en_AU\LC_MESSAGES\django.mo first seen with mtime 1722330458.9036415
File D:\working area\RestorentApp\myenv\lib\site-packages\rest_framework\locale\en_CA\LC_MESSAGES\django.mo first seen with mtime 1722330458.90466
File D:\working area\RestorentApp\myenv\lib\site-packages\rest_framework\locale\en_US\LC_MESSAGES\django.mo first seen with mtime 1722330458.9066405
File D:\working area\RestorentApp\myenv\lib\site-packages\rest_framework\locale\es\LC_MESSAGES\django.mo first seen with mtime 1722330458.9087498
File D:\working area\RestorentApp\myenv\lib\site-packages\rest_framework\locale\et\LC_MESSAGES\django.mo first seen with mtime 1722330458.909644
File D:\working area\RestorentApp\myenv\lib\site-packages\rest_framework\locale\fa\LC_MESSAGES\django.mo first seen with mtime 1722330458.9117148
File D:\working area\RestorentApp\myenv\lib\site-packages\rest_framework\locale\fa_IR\LC_MESSAGES\django.mo first seen with mtime 1722330458.9137173
File D:\working area\RestorentApp\myenv\lib\site-packages\rest_framework\locale\fi\LC_MESSAGES\django.mo first seen with mtime 1722330458.914683
File D:\working area\RestorentApp\myenv\lib\site-packages\rest_framework\locale\fr\LC_MESSAGES\django.mo first seen with mtime 1722330458.916637
File D:\working area\RestorentApp\myenv\lib\site-packages\rest_framework\locale\fr_CA\LC_MESSAGES\django.mo first seen with mtime 1722330458.9187603
File D:\working area\RestorentApp\myenv\lib\site-packages\rest_framework\locale\gl\LC_MESSAGES\django.mo first seen with mtime 1722330458.92076
File D:\working area\RestorentApp\myenv\lib\site-packages\rest_framework\locale\gl_ES\LC_MESSAGES\django.mo first seen with mtime 1722330458.9216444
File D:\working area\RestorentApp\myenv\lib\site-packages\rest_framework\locale\he_IL\LC_MESSAGES\django.mo first seen with mtime 1722330458.9236505
File D:\working area\RestorentApp\myenv\lib\site-packages\rest_framework\locale\hu\LC_MESSAGES\django.mo first seen with mtime 1722330458.9246428
File D:\working area\RestorentApp\myenv\lib\site-packages\rest_framework\locale\hy\LC_MESSAGES\django.mo first seen with mtime 1722330458.9266398
File D:\working area\RestorentApp\myenv\lib\site-packages\rest_framework\locale\id\LC_MESSAGES\django.mo first seen with mtime 1722330458.927644
File D:\working area\RestorentApp\myenv\lib\site-packages\rest_framework\locale\it\LC_MESSAGES\django.mo first seen with mtime 1722330458.929655
File D:\working area\RestorentApp\myenv\lib\site-packages\rest_framework\locale\ja\LC_MESSAGES\django.mo first seen with mtime 1722330458.9306376
File D:\working area\RestorentApp\myenv\lib\site-packages\rest_framework\locale\ko_KR\LC_MESSAGES\django.mo first seen with mtime 1722330458.9317682
File D:\working area\RestorentApp\myenv\lib\site-packages\rest_framework\locale\lt\LC_MESSAGES\django.mo first seen with mtime 1722330458.9336538
File D:\working area\RestorentApp\myenv\lib\site-packages\rest_framework\locale\lv\LC_MESSAGES\django.mo first seen with mtime 1722330458.9356432
File D:\working area\RestorentApp\myenv\lib\site-packages\rest_framework\locale\mk\LC_MESSAGES\django.mo first seen with mtime 1722330458.9386606
File D:\working area\RestorentApp\myenv\lib\site-packages\rest_framework\locale\nb\LC_MESSAGES\django.mo first seen with mtime 1722330458.9396467
File D:\working area\RestorentApp\myenv\lib\site-packages\rest_framework\locale\ne_NP\LC_MESSAGES\django.mo first seen with mtime 1722330458.9416409
File D:\working area\RestorentApp\myenv\lib\site-packages\rest_framework\locale\nl\LC_MESSAGES\django.mo first seen with mtime 1722330458.9437013
File D:\working area\RestorentApp\myenv\lib\site-packages\rest_framework\locale\nn\LC_MESSAGES\django.mo first seen with mtime 1722330458.9446454
File D:\working area\RestorentApp\myenv\lib\site-packages\rest_framework\locale\no\LC_MESSAGES\django.mo first seen with mtime 1722330458.9466524
File D:\working area\RestorentApp\myenv\lib\site-packages\rest_framework\locale\pl\LC_MESSAGES\django.mo first seen with mtime 1722330458.9476478
File D:\working area\RestorentApp\myenv\lib\site-packages\rest_framework\locale\pt\LC_MESSAGES\django.mo first seen with mtime 1722330458.9487605
File D:\working area\RestorentApp\myenv\lib\site-packages\rest_framework\locale\pt_BR\LC_MESSAGES\django.mo first seen with mtime 1722330458.9506416
File D:\working area\RestorentApp\myenv\lib\site-packages\rest_framework\locale\pt_PT\LC_MESSAGES\django.mo first seen with mtime 1722330458.9516578
File D:\working area\RestorentApp\myenv\lib\site-packages\rest_framework\locale\ro\LC_MESSAGES\django.mo first seen with mtime 1722330458.9537036
File D:\working area\RestorentApp\myenv\lib\site-packages\rest_framework\locale\ru\LC_MESSAGES\django.mo first seen with mtime 1722330458.9546506
File D:\working area\RestorentApp\myenv\lib\site-packages\rest_framework\locale\ru_RU\LC_MESSAGES\django.mo first seen with mtime 1722330458.9556682
File D:\working area\RestorentApp\myenv\lib\site-packages\rest_framework\locale\sk\LC_MESSAGES\django.mo first seen with mtime 1722330458.9576435
File D:\working area\RestorentApp\myenv\lib\site-packages\rest_framework\locale\sl\LC_MESSAGES\django.mo first seen with mtime 1722330458.958646
File D:\working area\RestorentApp\myenv\lib\site-packages\rest_framework\locale\sv\LC_MESSAGES\django.mo first seen with mtime 1722330458.9597497
File D:\working area\RestorentApp\myenv\lib\site-packages\rest_framework\locale\th\LC_MESSAGES\django.mo first seen with mtime 1722330458.9616494
File D:\working area\RestorentApp\myenv\lib\site-packages\rest_framework\locale\tr\LC_MESSAGES\django.mo first seen with mtime 1722330458.9636416
File D:\working area\RestorentApp\myenv\lib\site-packages\rest_framework\locale\tr_TR\LC_MESSAGES\django.mo first seen with mtime 1722330458.9646447
File D:\working area\RestorentApp\myenv\lib\site-packages\rest_framework\locale\uk\LC_MESSAGES\django.mo first seen with mtime 1722330458.9657857
File D:\working area\RestorentApp\myenv\lib\site-packages\rest_framework\locale\vi\LC_MESSAGES\django.mo first seen with mtime 1722330458.9676557
File D:\working area\RestorentApp\myenv\lib\site-packages\rest_framework\locale\zh_CN\LC_MESSAGES\django.mo first seen with mtime 1722330458.9687512
File D:\working area\RestorentApp\myenv\lib\site-packages\rest_framework\locale\zh_Hans\LC_MESSAGES\django.mo first seen with mtime 1722330458.970674
File D:\working area\RestorentApp\myenv\lib\site-packages\rest_framework\locale\zh_Hant\LC_MESSAGES\django.mo first seen with mtime 1722330458.971652
File D:\working area\RestorentApp\myenv\lib\site-packages\rest_framework\locale\zh_TW\LC_MESSAGES\django.mo first seen with mtime 1722330458.9726532
File D:\working area\RestorentApp\myenv\Lib\site-packages\django\contrib\auth\migrations\__init__.py first seen with mtime 1720601485.8135905
File D:\working area\RestorentApp\myenv\Lib\site-packages\django\middleware\clickjacking.py first seen with mtime 1720601487.0167196
File D:\working area\RestorentApp\app\restorent\migrations\0023_payment_message.py first seen with mtime 1722148662.1596653
File D:\working area\RestorentApp\myenv\Lib\site-packages\channels\db.py first seen with mtime 1722323308.9178693
File D:\working area\RestorentApp\myenv\Lib\site-packages\django\contrib\contenttypes\migrations\__init__.py first seen with mtime 1720601485.922965
File D:\working area\RestorentApp\myenv\Lib\site-packages\django\contrib\auth\migrations\0006_require_contenttypes_0002.py first seen with mtime 1720601485.8135905
File D:\working area\RestorentApp\myenv\Lib\site-packages\django\contrib\auth\migrations\0003_alter_user_email_max_length.py first seen with mtime 1720601485.8135905
File D:\working area\RestorentApp\myenv\Lib\site-packages\django\contrib\admin\migrations\0003_logentry_add_action_flag_choices.py first seen with mtime 1720601485.4542134
File D:\working area\RestorentApp\app\restorent\migrations\0003_rename_floors_floor_restorent_id_remove_table_tables_and_more.py first seen with mtime 1720767341.670624
File D:\working area\RestorentApp\myenv\Lib\site-packages\django\contrib\auth\migrations\0007_alter_validators_add_error_messages.py first seen with mtime 1720601485.8135905
File D:\working area\RestorentApp\myenv\Lib\site-packages\django\core\asgi.py first seen with mtime 1720601486.8136942
File D:\working area\RestorentApp\myenv\Lib\site-packages\django\contrib\auth\migrations\0010_alter_group_name_max_length.py first seen with mtime 1720601485.8135905
File D:\working area\RestorentApp\app\restorent\migrations\0028_order_restorent_table_table_type.py first seen with mtime 1723983763.3593688
File D:\working area\RestorentApp\myenv\Lib\site-packages\django\contrib\sessions\migrations\0001_initial.py first seen with mtime 1720601486.6886337
File D:\working area\RestorentApp\app\restorent\migrations\0008_fooditem_food_image.py first seen with mtime 1720870360.734462
File D:\working area\RestorentApp\app\restorent\counsumers\paymentsconsumers.py first seen with mtime 1723100651.360657
File D:\working area\RestorentApp\app\restorent\migrations\0030_order_address_order_name_order_normal_table_and_more.py first seen with mtime 1724055242.1635928
File D:\working area\RestorentApp\app\restorent\migrations\0001_initial.py first seen with mtime 1720604308.1530428
File D:\working area\RestorentApp\app\restorent\migrations\0015_order_items.py first seen with mtime 1721274546.9546301
File D:\working area\RestorentApp\myenv\Lib\site-packages\django\contrib\admin\migrations\0002_logentry_remove_auto_add.py first seen with mtime 1720601485.4542134
File D:\working area\RestorentApp\myenv\Lib\site-packages\channels\routing.py first seen with mtime 1722323308.9228487
File D:\working area\RestorentApp\myenv\Lib\site-packages\django\contrib\admin\migrations\0001_initial.py first seen with mtime 1720601485.4542134
File D:\working area\RestorentApp\myenv\Lib\site-packages\channels\consumer.py first seen with mtime 1722323308.9168415
File D:\working area\RestorentApp\myenv\Lib\site-packages\django\contrib\auth\migrations\0008_alter_user_username_max_length.py first seen with mtime 1720601485.8135905
File D:\working area\RestorentApp\app\restorent\migrations\0010_fooditem_price.py first seen with mtime 1720871846.0544868
File D:\working area\RestorentApp\myenv\Lib\site-packages\django\contrib\auth\migrations\0001_initial.py first seen with mtime 1720601485.8135905
File D:\working area\RestorentApp\app\restorent\migrations\0019_payment.py first seen with mtime 1722078490.6736512
File D:\working area\RestorentApp\app\restorent\migrations\0017_alter_order_end_time.py first seen with mtime 1721278933.0631745
File D:\working area\RestorentApp\app\restorent\migrations\0012_alter_fooditem_food_type.py first seen with mtime 1721024172.0819187
File D:\working area\RestorentApp\myenv\Lib\site-packages\django\contrib\auth\migrations\0012_alter_user_first_name_max_length.py first seen with mtime 1720601485.8135905
File D:\working area\RestorentApp\myenv\Lib\site-packages\django\contrib\auth\migrations\0011_update_proxy_permissions.py first seen with mtime 1720601485.8135905
File D:\working area\RestorentApp\app\restorent\migrations\0014_order.py first seen with mtime 1721274115.7487617
File D:\working area\RestorentApp\myenv\Lib\site-packages\django\db\models\sql\compiler.py first seen with mtime 1720601486.938656
File D:\working area\RestorentApp\app\restorent\migrations\0024_restorent_upi_id.py first seen with mtime 1722686000.251034
File D:\working area\RestorentApp\myenv\Lib\site-packages\django\contrib\contenttypes\migrations\0001_initial.py first seen with mtime 1720601485.922965
File D:\working area\RestorentApp\myenv\Lib\site-packages\channels\sessions.py first seen with mtime 1722323308.9248686
File D:\working area\RestorentApp\app\restorent\migrations\0025_alter_restorent_upi_id.py first seen with mtime 1722686417.5117817
File D:\working area\RestorentApp\app\restorent\migrations\0013_tax.py first seen with mtime 1721271957.5299857
File D:\working area\RestorentApp\app\restorent\routing.py first seen with mtime 1723789819.115692
File D:\working area\RestorentApp\myenv\Lib\site-packages\channels\auth.py first seen with mtime 1722323308.9168415
File D:\working area\RestorentApp\myenv\Lib\site-packages\django\contrib\admin\migrations\__init__.py first seen with mtime 1720601485.4542134
File D:\working area\RestorentApp\myenv\Lib\site-packages\channels\utils.py first seen with mtime 1722323308.9258769
File D:\working area\RestorentApp\app\restorent\migrations\0018_table_order_panding_table_payment_panding_and_more.py first seen with mtime 1722052612.670827
File D:\working area\RestorentApp\app\restorent\migrations\0006_remove_table_name.py first seen with mtime 1720779523.4399002
File D:\working area\RestorentApp\app\restorent\migrations\0020_rename_order_id_payment_order.py first seen with mtime 1722084547.7353997
File D:\working area\RestorentApp\myenv\Lib\site-packages\django\contrib\auth\migrations\0009_alter_user_last_name_max_length.py first seen with mtime 1720601485.8135905
File D:\working area\RestorentApp\myenv\Lib\site-packages\channels\generic\__init__.py first seen with mtime 1722323308.9278307
File D:\working area\RestorentApp\app\restorent\migrations\0009_alter_fooditem_catogary.py first seen with mtime 1720871393.9058497
File D:\working area\RestorentApp\app\restorent\counsumers\softwareconsumer.py first seen with mtime 1723886277.2251806
File D:\working area\RestorentApp\app\restorent\migrations\0031_restorent_phone_number.py first seen with mtime 1724649831.5936458
File D:\working area\RestorentApp\app\restorent\migrations\0002_remove_floor_tables_remove_restorent_floors_and_more.py first seen with mtime 1720605208.9450686
File D:\working area\RestorentApp\myenv\Lib\site-packages\channels\middleware.py first seen with mtime 1722323308.9218347
File D:\working area\RestorentApp\myenv\Lib\site-packages\django\contrib\sessions\migrations\__init__.py first seen with mtime 1720601486.6886337
File D:\working area\RestorentApp\myenv\Lib\site-packages\django\contrib\auth\migrations\0002_alter_permission_name_max_length.py first seen with mtime 1720601485.8135905
File D:\working area\RestorentApp\myenv\Lib\site-packages\channels\generic\websocket.py first seen with mtime 1722323308.9298327
File D:\working area\RestorentApp\app\restorent\counsumers\dashboardconsumer.py first seen with mtime 1724062645.7574925
File D:\working area\RestorentApp\app\restorent\migrations\0016_remove_order_items_orderitems.py first seen with mtime 1721275568.8334777
File D:\working area\RestorentApp\app\restorent\migrations\0029_remove_table_table_type_order_food_delivered.py first seen with mtime 1724054540.6444914
File D:\working area\RestorentApp\myenv\Lib\site-packages\django\contrib\auth\migrations\0005_alter_user_last_login_null.py first seen with mtime 1720601485.8135905
File D:\working area\RestorentApp\app\restorent\migrations\0022_alter_payment_payment_method.py first seen with mtime 1722147280.6971526
File D:\working area\RestorentApp\app\app\asgi.py first seen with mtime 1722327316.756557
File D:\working area\RestorentApp\myenv\Lib\site-packages\django\contrib\sessions\backends\db.py first seen with mtime 1720601486.5636258
File D:\working area\RestorentApp\app\restorent\migrations\0005_userprofile.py first seen with mtime 1720772834.3480344
File D:\working area\RestorentApp\app\restorent\migrations\0007_fooditem_foodcategory.py first seen with mtime 1720869616.0146613
File D:\working area\RestorentApp\myenv\Lib\site-packages\django\contrib\auth\migrations\0004_alter_user_username_opts.py first seen with mtime 1720601485.8135905
File D:\working area\RestorentApp\app\restorent\migrations\0004_rename_restorent_id_floor_restorent.py first seen with mtime 1720767358.1623025
File D:\working area\RestorentApp\app\restorent\migrations\0027_remove_payment_adjustment_order_adjustment.py first seen with mtime 1723205046.7512586
File D:\working area\RestorentApp\myenv\Lib\site-packages\django\contrib\contenttypes\migrations\0002_remove_content_type_name.py first seen with mtime 1720601485.922965
[32mHTTP GET / 302 [0.02, 127.0.0.1:58203][0m
[mHTTP GET /login?next=/ 200 [0.01, 127.0.0.1:58203][0m
Internal Server Error: /assets/lib/wow/wow.min.js
[35;1mHTTP GET /assets/lib/wow/wow.min.js 500 [0.01, 127.0.0.1:58203][0m
Internal Server Error: /assets/lib/easing/easing.min.js
[35;1mHTTP GET /assets/lib/easing/easing.min.js 500 [0.01, 127.0.0.1:58203][0m
Internal Server Error: /assets/lib/waypoints/waypoints.min.js
[35;1mHTTP GET /assets/lib/waypoints/waypoints.min.js 500 [0.01, 127.0.0.1:58203][0m
Internal Server Error: /assets/lib/counterup/counterup.min.js
[35;1mHTTP GET /assets/lib/counterup/counterup.min.js 500 [0.00, 127.0.0.1:58203][0m
Internal Server Error: /assets/lib/owlcarousel/owl.carousel.min.js
[35;1mHTTP GET /assets/lib/owlcarousel/owl.carousel.min.js 500 [0.00, 127.0.0.1:58203][0m
Internal Server Error: /assets/lib/tempusdominus/js/moment.min.js
[35;1mHTTP GET /assets/lib/tempusdominus/js/moment.min.js 500 [0.00, 127.0.0.1:58203][0m
Internal Server Error: /assets/lib/tempusdominus/js/moment-timezone.min.js
[35;1mHTTP GET /assets/lib/tempusdominus/js/moment-timezone.min.js 500 [0.00, 127.0.0.1:58203][0m
Internal Server Error: /assets/lib/tempusdominus/js/tempusdominus-bootstrap-4.min.js
[35;1mHTTP GET /assets/lib/tempusdominus/js/tempusdominus-bootstrap-4.min.js 500 [0.01, 127.0.0.1:58203][0m
Internal Server Error: /assets/assets/js/main.js
[35;1mHTTP GET /assets/assets/js/main.js 500 [0.00, 127.0.0.1:58203][0m
File D:\working area\RestorentApp\myenv\Lib\site-packages\django\contrib\messages\storage\cookie.py first seen with mtime 1720601486.3604796
File D:\working area\RestorentApp\myenv\Lib\site-packages\django\template\context_processors.py first seen with mtime 1720601487.0167196
File D:\working area\RestorentApp\myenv\Lib\site-packages\django\contrib\sessions\serializers.py first seen with mtime 1720601486.5636258
File D:\working area\RestorentApp\myenv\Lib\site-packages\django\contrib\messages\storage\session.py first seen with mtime 1720601486.3604796
File D:\working area\RestorentApp\myenv\Lib\site-packages\django\contrib\messages\storage\fallback.py first seen with mtime 1720601486.3604796
File D:\working area\RestorentApp\myenv\Lib\site-packages\django\contrib\auth\context_processors.py first seen with mtime 1720601485.688593
File D:\working area\RestorentApp\myenv\Lib\site-packages\django\contrib\messages\context_processors.py first seen with mtime 1720601486.3604796
Exception while resolving variable 'userprofile' in template 'restorent/sign_up.html'.
Traceback (most recent call last):
  File "D:\working area\RestorentApp\myenv\lib\site-packages\django\template\base.py", line 880, in _resolve_lookup
    current = current[bit]
  File "D:\working area\RestorentApp\myenv\lib\site-packages\django\utils\functional.py", line 268, in inner
    return func(_wrapped, *args)
TypeError: 'AnonymousUser' object is not subscriptable

During handling of the above exception, another exception occurred:

Traceback (most recent call last):
  File "D:\working area\RestorentApp\myenv\lib\site-packages\django\template\base.py", line 890, in _resolve_lookup
    current = getattr(current, bit)
  File "D:\working area\RestorentApp\myenv\lib\site-packages\django\utils\functional.py", line 268, in inner
    return func(_wrapped, *args)
AttributeError: 'AnonymousUser' object has no attribute 'userprofile'

During handling of the above exception, another exception occurred:

Traceback (most recent call last):
  File "D:\working area\RestorentApp\myenv\lib\site-packages\django\template\base.py", line 896, in _resolve_lookup
    current = current[int(bit)]
ValueError: invalid literal for int() with base 10: 'userprofile'

During handling of the above exception, another exception occurred:

Traceback (most recent call last):
  File "D:\working area\RestorentApp\myenv\lib\site-packages\django\template\base.py", line 903, in _resolve_lookup
    raise VariableDoesNotExist(
django.template.base.VariableDoesNotExist: Failed lookup for key [userprofile] in <SimpleLazyObject: <django.contrib.auth.models.AnonymousUser object at 0x00000201E831B190>>
Exception while resolving variable 'path' in template 'restorent/sign_up.html'.
Traceback (most recent call last):
  File "D:\working area\RestorentApp\myenv\lib\site-packages\django\template\base.py", line 880, in _resolve_lookup
    current = current[bit]
  File "D:\working area\RestorentApp\myenv\lib\site-packages\django\template\context.py", line 83, in __getitem__
    raise KeyError(key)
KeyError: 'path'

During handling of the above exception, another exception occurred:

Traceback (most recent call last):
  File "D:\working area\RestorentApp\myenv\lib\site-packages\django\template\base.py", line 886, in _resolve_lookup
    if isinstance(current, BaseContext) and getattr(
AttributeError: type object 'RequestContext' has no attribute 'path'

During handling of the above exception, another exception occurred:

Traceback (most recent call last):
  File "D:\working area\RestorentApp\myenv\lib\site-packages\django\template\base.py", line 896, in _resolve_lookup
    current = current[int(bit)]
ValueError: invalid literal for int() with base 10: 'path'

During handling of the above exception, another exception occurred:

Traceback (most recent call last):
  File "D:\working area\RestorentApp\myenv\lib\site-packages\django\template\base.py", line 903, in _resolve_lookup
    raise VariableDoesNotExist(
django.template.base.VariableDoesNotExist: Failed lookup for key [path] in [{'True': True, 'False': False, 'None': None}, {'csrf_token': <SimpleLazyObject: <function csrf.<locals>._get_val at 0x00000201E83F0F70>>, 'request': <ASGIRequest: GET '/sign_up'>, 'user': <SimpleLazyObject: <django.contrib.auth.models.AnonymousUser object at 0x00000201E831B190>>, 'perms': PermWrapper(<SimpleLazyObject: <django.contrib.auth.models.AnonymousUser object at 0x00000201E831B190>>), 'messages': <FallbackStorage: request=<ASGIRequest: GET '/sign_up'>>, 'DEFAULT_MESSAGE_LEVELS': {'DEBUG': 10, 'INFO': 20, 'SUCCESS': 25, 'WARNING': 30, 'ERROR': 40}}, {}, {'form': <RestorentForm bound=False, valid=Unknown, fields=(restorent_name;address;name;phone_number;password)>}, {'block': <Block Node: content. Contents: [<TextNode: '\n\n<h1>'>, <Variable Node: path>, <TextNode: '</h1>\n\n<section class="bg'>, <django.template.defaulttags.CsrfTokenNode object at 0x00000201E831BE20>, <TextNode: '\n                        '>, <ForNode: for field in form, tail_len: 5>, <TextNode: '\n\n                       '>]>}]
[mHTTP GET /sign_up 200 [0.07, 127.0.0.1:58203][0m
